PRT1
130
380
4 1 24 (0 2048 -128 ) (0 2048 1824 ) (0 2432 1824 ) (0 2432 -128 ) 
4 1 22 (0 2048 376.832947 ) (0 2048 166.405396 ) (192 2048 166.405670 ) (192 2048 376.834229 ) 
4 1 21 (192 2048 166.405670 ) (272 2048 166.405792 ) (272 2048 376.834778 ) (192 2048 376.834229 ) 
4 1 11 (272 2048 166.405792 ) (288 2048 166.405823 ) (288 2048 376.834900 ) (272 2048 376.834778 ) 
4 1 9 (176 2048 376.834137 ) (272 2048 376.834778 ) (272 2048 1382.120117 ) (176 2048 1382.120117 ) 
4 1 7 (272 2048 376.834778 ) (288 2048 376.834900 ) (288 2048 1382.120117 ) (272 2048 1382.120117 ) 
4 1 10 (0 2048 1382.120117 ) (0 2048 376.832947 ) (176 2048 376.834137 ) (176 2048 1382.120117 ) 
4 1 4 (288 2048 166.405823 ) (768 2048 166.406555 ) (768 2048 1382.120117 ) (288 2048 1382.120117 ) 
4 1 3 (768 2048 1824 ) (0 2048 1824 ) (0 2048 1382.120117 ) (768 2048 1382.120117 ) 
4 1 2 (0 2048 166.405396 ) (0 2048 -128 ) (768 2048 -128 ) (768 2048 166.406555 ) 
4 2 25 (0 1216 -64.656166 ) (0 2048 166.405396 ) (0 2048 -128 ) (0 1216 -128 ) 
4 2 22 (0 2048 166.405273 ) (0 1599.378418 41.814827 ) (192 1599.379761 41.815498 ) (192 2048 166.405548 ) 
4 2 21 (192 1216 -64.656090 ) (272 1216 -64.655975 ) (272 2048 166.405670 ) (192 2048 166.405548 ) 
4 2 11 (272 1216 -64.655975 ) (288 1216 -64.655952 ) (288 2048 166.405685 ) (272 2048 166.405670 ) 
4 2 4 (288 1216 -64.655952 ) (768 1216 -64.655273 ) (768 2048 166.406357 ) (288 2048 166.405685 ) 
4 3 26 (0 1216 1824 ) (0 2048 1824 ) (0 2048 1382.120117 ) (0 1216 1604.917725 ) 
4 3 9 (176 2048 1382.120361 ) (272 2048 1382.120361 ) (272 1490.957520 1531.288208 ) (176 1490.957397 1531.288208 ) 
3 3 8 (212 1317.079956 1577.850098 ) (176 1317.079956 1577.850098 ) (176 1340.270020 1571.640137 ) 
4 3 7 (272 2048 1382.120361 ) (288 2048 1382.120361 ) (288 1317.079956 1577.850098 ) (272 1317.079956 1577.850098 ) 
4 3 10 (0 1317.079956 1577.850098 ) (0 2048 1382.120361 ) (176 2048 1382.120361 ) (176 1317.079956 1577.850098 ) 
4 3 5 (0 1216 1604.917847 ) (0 1317.079956 1577.850098 ) (288 1317.079956 1577.850098 ) (288 1216 1604.917847 ) 
4 3 4 (288 2048 1382.120361 ) (768 2048 1382.120361 ) (768 1216 1604.917847 ) (288 1216 1604.917847 ) 
4 4 12 (288 1216 1027.206787 ) (288 1216 1200.611084 ) (288 1224.087280 1230.793579 ) (288 1377.292969 1072 ) 
5 4 11 (288 2048 376.835022 ) (288 2048 166.408630 ) (288 1216 -64.653000 ) (288 1216 735.343994 ) (288 1599.379517 841.815430 ) 
4 4 7 (288 1317.079590 1577.848389 ) (288 2048 1382.118652 ) (288 2048 376.835022 ) (288 1224.087280 1230.793579 ) 
3 4 5 (288 1216 1604.916016 ) (288 1317.079590 1577.848389 ) (288 1216 1200.611084 ) 
3 5 27 (0 1216 1604.917725 ) (0 1317.079956 1577.849976 ) (0 1216 1200.611206 ) 
4 5 19 (176 1216 1200.608398 ) (0 1216 1200.608398 ) (0 1224.087402 1230.791382 ) (176 1224.087769 1230.792358 ) 
4 5 14 (211.997467 1216 1200.608398 ) (176 1216 1200.608398 ) (176 1224.087769 1230.792358 ) (211.997589 1224.087769 1230.792480 ) 
4 5 12 (288 1224.087891 1230.792969 ) (288 1216 1200.608398 ) (272 1216 1200.608398 ) (272 1224.087891 1230.792847 ) 
4 5 8 (211.997711 1224.087769 1230.792480 ) (176 1224.087646 1230.792358 ) (176 1317.080078 1577.847656 ) (212 1317.080078 1577.847656 ) 
4 5 7 (288 1317.080078 1577.847656 ) (288 1224.087891 1230.792969 ) (272 1224.087891 1230.792847 ) (272 1317.080078 1577.847656 ) 
4 5 10 (176 1224.087646 1230.792358 ) (0 1224.087402 1230.791382 ) (0 1317.080078 1577.847656 ) (176 1317.080078 1577.847656 ) 
4 6 78 (0 1024 576 ) (0 1024 484.051147 ) (64 1024 484.051147 ) (64 1024 576 ) 
4 6 77 (64 1024 484.051147 ) (176 1024 484.051178 ) (176 1024 576 ) (64 1024 576 ) 
4 6 76 (176 1024 484.051178 ) (192 1024 484.051178 ) (192 1024 576 ) (176 1024 576 ) 
4 6 75 (211.995773 1024 484.051178 ) (272.022675 1024 484.051178 ) (272.022675 1024 576 ) (247.682388 1024 576 ) 
4 6 71 (192 1024 484.051178 ) (211.995773 1024 484.051178 ) (247.682388 1024 576 ) (192 1024 576 ) 
4 6 66 (0 1024 682.021851 ) (0 1024 576 ) (272.022675 1024 576 ) (272.022675 1024 682.022095 ) 
3 6 28 (0 1024 484.051117 ) (0 1024 682.021851 ) (0 1081.310303 697.937988 ) 
4 6 20 (176 1024 484.048431 ) (0 1024 484.048401 ) (0 1081.311157 697.938232 ) (176 1081.311157 697.938416 ) 
4 6 16 (211.994659 1024 484.048431 ) (176 1024 484.048431 ) (176 1081.311157 697.938416 ) (211.995468 1081.311157 697.938416 ) 
4 7 12 (288 1377.293091 1072 ) (288 1224.086304 1230.794556 ) (272 1224.086304 1230.794434 ) (272 1377.292969 1072 ) 
4 7 11 (288 2048 376.835205 ) (288 1599.379517 841.815491 ) (272 1599.379517 841.815430 ) (272 2048 376.835083 ) 
4 7 9 (272 2048 376.834930 ) (272 1369.934814 1079.625732 ) (272 1490.957397 1531.288086 ) (272 2048 1382.120117 ) 
3 8 14 (212 1224.086182 1230.794189 ) (176 1224.086182 1230.793945 ) (176 1243.538208 1210.632568 ) 
4 8 10 (176 1243.538086 1210.631714 ) (176 1224.089844 1230.789063 ) (176 1317.083374 1577.848999 ) (176 1340.270020 1571.639893 ) 
4 9 22 (176 1986.034668 441.059387 ) (176 2048 376.834412 ) (192 2048 376.834534 ) (192 1986.034790 441.059418 ) 
4 9 21 (192 2048 376.834534 ) (272 2048 376.835083 ) (272 1986.035156 441.059540 ) (192 1986.034790 441.059418 ) 
4 9 17 (176 1639.723022 800 ) (176 1986.034668 441.059387 ) (272 1986.035156 441.059540 ) (272 1639.723633 800 ) 
4 9 15 (176 1369.935059 1079.626343 ) (176 1377.292480 1072 ) (272 1377.293091 1072 ) (272 1369.935181 1079.626953 ) 
4 9 13 (176 1599.379028 841.815247 ) (176 1639.723022 800 ) (272 1639.723633 800 ) (272 1599.379517 841.815430 ) 
4 9 10 (176 2048 376.834930 ) (176 1369.934814 1079.625854 ) (176 1490.957397 1531.288086 ) (176 2048 1382.120239 ) 
4 10 29 (0 1224.086914 1230.791992 ) (0 1317.079956 1577.849976 ) (0 2048 1382.120117 ) (0 2048 376.832947 ) 
4 10 22 (0 1986.033813 441.059143 ) (0 2048 376.833191 ) (176 2048 376.834412 ) (176 1986.034668 441.059387 ) 
4 10 20 (0 1639.721924 800 ) (0 1986.033813 441.059143 ) (176 1986.034668 441.059387 ) (176 1639.723022 800 ) 
4 10 19 (176 1224.086182 1230.793945 ) (0 1224.085938 1230.792969 ) (0 1377.291504 1072 ) (176 1377.292480 1072 ) 
4 10 18 (0 1599.378296 841.814819 ) (0 1639.721924 800 ) (176 1639.723022 800 ) (176 1599.379028 841.815186 ) 
5 11 21 (272 1986.033447 441.059082 ) (272 2048 376.832825 ) (272 2048 166.406769 ) (272 1216 -64.650146 ) (272 1216 227.206848 ) 
6 11 17 (272 1639.721680 800 ) (272 1986.033447 441.059082 ) (272 1216 227.206848 ) (272 1216 505.133026 ) (272 1282.644165 753.852295 ) (272 1448.811768 800 ) 
3 11 13 (272 1599.377930 841.814941 ) (272 1639.721680 800 ) (272 1448.811768 800 ) 
3 12 15 (272 1369.934692 1079.625488 ) (272 1377.291382 1072 ) (272 1367.135864 1069.180176 ) 
3 13 18 (176 1599.380737 841.815674 ) (176 1639.725098 800 ) (176 1448.812012 800 ) 
4 13 17 (176 1448.811890 800 ) (176 1639.726563 800 ) (272 1639.723511 800 ) (272 1448.811523 800 ) 
4 14 19 (176 1224.085938 1230.796875 ) (176 1243.538818 1210.634521 ) (176 1216 1107.858398 ) (176 1216 1200.619263 ) 
3 15 19 (176 1369.935547 1079.628296 ) (176 1377.294312 1072.001221 ) (176 1367.135986 1069.180054 ) 
4 16 76 (192 1024 484.051178 ) (176 1024 484.051178 ) (176 1024 391.305908 ) (192 1024 432.530884 ) 
3 16 71 (211.995758 1024 484.051178 ) (192 1024 484.051178 ) (192 1024 432.530884 ) 
4 16 20 (176 1024 391.306030 ) (176 1024 484.053375 ) (176 1081.309204 697.937866 ) (176 1108.159912 705.394775 ) 
4 17 23 (272 1216 227.207901 ) (272 1135.542969 204.863525 ) (192 1135.543091 204.863525 ) (192 1216 227.207855 ) 
4 17 22 (176 1986.034668 441.060394 ) (192 1986.034790 441.060425 ) (192 1377.291016 272.001282 ) (176 1377.290771 272.001221 ) 
4 17 21 (192 1986.034790 441.060425 ) (272 1986.035156 441.060547 ) (272 1216 227.207901 ) (192 1216 227.207855 ) 
5 17 20 (176 1639.725098 800 ) (176 1986.035156 441.060547 ) (176 1135.542969 204.863510 ) (176 1282.644043 753.852173 ) (176 1448.811890 800 ) 
3 18 33 (0 1599.378174 841.814819 ) (0 1639.721802 800 ) (0 1448.812500 800 ) 
4 18 20 (0 1639.721924 800 ) (176 1639.723145 800 ) (176 1448.811890 800 ) (0 1448.812500 800 ) 
5 19 39 (0 1216 1200.610962 ) (0 1224.086914 1230.791992 ) (0 1369.934814 1079.625366 ) (0 1367.135864 1069.179932 ) (0 1216 1027.206909 ) 
3 19 38 (0 1369.934814 1079.625366 ) (0 1377.291504 1072 ) (0 1367.135864 1069.179932 ) 
4 20 78 (0 1024 484.051147 ) (0 1024 173.884979 ) (64 1024 173.884979 ) (64 1024 484.051147 ) 
4 20 77 (64 1024 173.884979 ) (176 1024 173.884964 ) (176 1024 484.051178 ) (64 1024 484.051147 ) 
6 20 33 (0 1024 173.884979 ) (0 1024 484.051117 ) (0 1081.310303 697.937988 ) (0 1448.812500 800 ) (0 1639.721802 800 ) (0 1986.033691 441.059082 ) 
4 20 22 (0 1986.033691 441.060150 ) (176 1986.034668 441.060394 ) (176 1377.290771 272.001251 ) (0 1377.289307 272 ) 
4 21 23 (272 1216 192 ) (272 1216 227.209000 ) (192 1216 227.209000 ) (192 1216 192 ) 
5 21 22 (192 1377.288574 272.003662 ) (192 1986.031494 441.062561 ) (192 2048 376.834229 ) (192 2048 166.405685 ) (192 1599.379761 41.815475 ) 
5 22 34 (0 1377.290161 272 ) (0 1986.033691 441.059082 ) (0 2048 376.832947 ) (0 2048 166.405396 ) (0 1599.378296 41.814964 ) 
4 24 54 (-352 2048 1381.973511 ) (-800 2048 1381.973511 ) (-800 2048 166.404419 ) (-352 2048 166.405014 ) 
4 24 52 (-288 2048 1381.973511 ) (-352 2048 1381.973511 ) (-352 2048 166.405014 ) (-288 2048 166.405106 ) 
4 24 51 (-288 2048 192 ) (-288 2048 166.405106 ) (-192 2048 166.405228 ) (-192 2048 192 ) 
4 24 50 (-272 2048 376.831146 ) (-288 2048 376.831055 ) (-288 2048 192 ) (-272 2048 192 ) 
4 24 49 (-264.161346 2048 376.831207 ) (-272 2048 376.831146 ) (-272 2048 192 ) (-264.161346 2048 192 ) 
4 24 45 (-192 2048 376.831665 ) (-264.161346 2048 376.831207 ) (-264.161346 2048 192 ) (-192 2048 192 ) 
4 24 37 (-176 2048 376.831757 ) (-192 2048 376.831665 ) (-192 2048 166.405228 ) (-176 2048 166.405243 ) 
4 24 34 (0 2048 166.405487 ) (0 2048 376.832886 ) (-176 2048 376.831757 ) (-176 2048 166.405243 ) 
4 24 31 (-176 2048 1381.973511 ) (-272 2048 1381.973511 ) (-272 2048 376.831146 ) (-176 2048 376.831757 ) 
4 24 29 (0 2048 376.832886 ) (0 2048 1381.973511 ) (-176 2048 1381.973511 ) (-176 2048 376.831757 ) 
4 24 32 (-272 2048 1381.973511 ) (-288 2048 1381.973511 ) (-288 2048 376.831055 ) (-272 2048 376.831146 ) 
4 24 26 (0 2048 1381.973511 ) (0 2048 1824 ) (-800 2048 1824 ) (-800 2048 1381.973511 ) 
4 24 25 (0 2048 -128 ) (0 2048 166.405487 ) (-800 2048 166.404419 ) (-800 2048 -128 ) 
4 25 54 (-352 2048 166.404678 ) (-800 2048 166.404053 ) (-800 1216 -64.657578 ) (-352 1216 -64.656944 ) 
4 25 52 (-288 2048 166.404770 ) (-352 2048 166.404678 ) (-352 1216 -64.656944 ) (-288 1216 -64.656853 ) 
4 25 51 (-192 2048 166.404907 ) (-288 2048 166.404770 ) (-288 1216 -64.656853 ) (-192 1216 -64.656715 ) 
4 25 37 (-176 2048 166.404938 ) (-192 2048 166.404907 ) (-192 1599.376953 41.814102 ) (-176 1599.377197 41.814156 ) 
4 25 34 (0 2048 166.405182 ) (-176 2048 166.404938 ) (-176 1599.377075 41.814148 ) (0 1599.378418 41.814758 ) 
4 26 54 (-800 1216 1604.938232 ) (-800 2048 1381.974365 ) (-352 2048 1381.974365 ) (-352 1216 1604.938232 ) 
4 26 52 (-352 2048 1381.974365 ) (-288 2048 1381.974365 ) (-288 1216 1604.938232 ) (-352 1216 1604.938232 ) 
4 26 31 (-272 2048 1381.974365 ) (-176 2048 1381.974365 ) (-176 1490.948730 1531.255981 ) (-272 1490.948853 1531.255981 ) 
3 26 30 (-176 1340.268921 1571.635986 ) (-176 1317.080078 1577.850220 ) (-212 1317.080078 1577.850220 ) 
4 26 29 (-176 2048 1381.974365 ) (0 2048 1381.974365 ) (0 1317.080078 1577.850220 ) (-176 1317.080078 1577.850220 ) 
4 26 32 (-288 2048 1381.974365 ) (-272 2048 1381.974365 ) (-272 1317.080078 1577.850220 ) (-288 1317.080078 1577.850220 ) 
4 26 27 (0 1317.080078 1577.850220 ) (0 1216 1604.938232 ) (-288 1216 1604.938232 ) (-288 1317.080078 1577.850220 ) 
3 27 52 (-288 1216 1604.938721 ) (-288 1317.080078 1577.850708 ) (-288 1216 1200.611328 ) 
4 27 48 (-288 1216 1200.607910 ) (-288 1224.087158 1230.789673 ) (-272 1224.087158 1230.789795 ) (-272 1216 1200.607910 ) 
4 27 42 (-212 1224.087280 1230.790161 ) (-192 1224.087280 1230.790283 ) (-192 1216 1200.607910 ) (-212 1216 1200.607910 ) 
4 27 40 (-192 1224.087280 1230.790283 ) (-176 1224.087280 1230.790405 ) (-176 1216 1200.607910 ) (-192 1216 1200.607910 ) 
4 27 39 (-176 1224.087280 1230.790405 ) (0 1224.087524 1230.791382 ) (0 1216 1200.607910 ) (-176 1216 1200.607910 ) 
4 27 30 (-211.998901 1317.080078 1577.847656 ) (-176 1317.080078 1577.847656 ) (-176 1224.087280 1230.790405 ) (-212 1224.087280 1230.790161 ) 
4 27 29 (-176 1317.080078 1577.847656 ) (0 1317.080078 1577.847656 ) (0 1224.087524 1230.791382 ) (-176 1224.087280 1230.790405 ) 
4 27 32 (-288 1224.087158 1230.789673 ) (-288 1317.080078 1577.847656 ) (-272 1317.080078 1577.847656 ) (-272 1224.087158 1230.789795 ) 
4 28 112 (-247.689438 1024 576 ) (-264.161346 1024 576 ) (-264.161346 1024 484.051147 ) (-212.003510 1024 484.051147 ) 
4 28 111 (-176 1024 576 ) (-247.689438 1024 576 ) (-212.003510 1024 484.051147 ) (-176 1024 484.051147 ) 
4 28 109 (0 1024 484.051117 ) (0 1024 576 ) (-64 1024 576 ) (-64 1024 484.051117 ) 
4 28 110 (-64 1024 576 ) (-176 1024 576 ) (-176 1024 484.051147 ) (-64 1024 484.051117 ) 
4 28 101 (0 1024 576 ) (0 1024 682.021851 ) (-264.161346 1024 682.021606 ) (-264.161346 1024 576 ) 
4 28 44 (-192 1024 484.046814 ) (-212.001785 1024 484.046814 ) (-212.001266 1081.311401 697.938110 ) (-192 1081.311401 697.938110 ) 
4 28 35 (-176 1024 484.046814 ) (-192 1024 484.046814 ) (-192 1081.311401 697.938110 ) (-176 1081.311401 697.938110 ) 
4 28 33 (0 1024 484.046814 ) (-176 1024 484.046814 ) (-176 1081.311401 697.938110 ) (0 1081.311401 697.938354 ) 
4 29 39 (0 1224.085938 1230.792969 ) (-176 1224.085693 1230.791992 ) (-176 1369.934448 1079.624512 ) (0 1369.934814 1079.625366 ) 
4 29 38 (-176 1369.934448 1079.624512 ) (-176 1377.290527 1072 ) (0 1377.291504 1072 ) (0 1369.934814 1079.625366 ) 
4 29 34 (-176 1986.032471 441.058838 ) (-176 2048 376.831543 ) (0 2048 376.832733 ) (0 1986.033447 441.059052 ) 
4 29 33 (-176 1599.377319 841.814392 ) (-176 1986.032471 441.058838 ) (0 1986.033447 441.059052 ) (0 1599.378174 841.814697 ) 
4 29 31 (-176 2048 376.834930 ) (-176 1369.934814 1079.625610 ) (-176 1490.948608 1531.255005 ) (-176 2048 1381.973389 ) 
4 29 30 (-176 1243.539307 1210.630249 ) (-176 1224.089844 1230.789063 ) (-176 1317.083252 1577.848389 ) (-176 1340.268677 1571.635010 ) 
3 30 42 (-192 1224.085693 1230.791870 ) (-212.002869 1224.085693 1230.791748 ) (-192 1234.893799 1219.589600 ) 
4 30 40 (-176 1224.085693 1230.791992 ) (-192 1224.085693 1230.791870 ) (-192 1234.893799 1219.589600 ) (-176 1243.539063 1210.629150 ) 
4 31 49 (-272 1639.719849 800 ) (-272 2048 376.830872 ) (-264.161346 2048 376.830933 ) (-264.161346 1639.719849 800 ) 
4 31 47 (-272 1369.934326 1079.623901 ) (-272 1377.289917 1072 ) (-264.161346 1377.289917 1072 ) (-264.161346 1369.934326 1079.623901 ) 
4 31 46 (-272 1599.376831 841.814209 ) (-272 1639.719849 800 ) (-264.161346 1639.719849 800 ) (-264.161346 1599.376831 841.814209 ) 
4 31 45 (-264.161346 2048 376.830933 ) (-192 2048 376.831421 ) (-192 1639.720337 800 ) (-264.161346 1639.719849 800 ) 
4 31 43 (-192 1377.290283 1072 ) (-192 1369.934448 1079.624268 ) (-264.161346 1369.934326 1079.623901 ) (-264.161346 1377.289917 1072 ) 
4 31 41 (-192 1639.720337 800 ) (-192 1599.377197 841.814331 ) (-264.161346 1599.376831 841.814209 ) (-264.161346 1639.719849 800 ) 
4 31 38 (-176 1377.290405 1072 ) (-176 1369.934448 1079.624390 ) (-192 1369.934448 1079.624268 ) (-192 1377.290283 1072 ) 
4 31 37 (-192 2048 376.831421 ) (-176 2048 376.831543 ) (-176 1986.032593 441.058807 ) (-192 1986.032471 441.058807 ) 
4 31 36 (-176 1986.032593 441.058807 ) (-176 1599.377197 841.814453 ) (-192 1599.377197 841.814331 ) (-192 1986.032471 441.058807 ) 
4 31 32 (-272 2048 376.834930 ) (-272 1369.934814 1079.625732 ) (-272 1490.948608 1531.255005 ) (-272 2048 1381.973389 ) 
4 32 52 (-288 1317.080078 1577.850708 ) (-288 2048 1381.974854 ) (-288 2048 376.830994 ) (-288 1224.086426 1230.790527 ) 
4 32 50 (-288 1639.719727 800 ) (-288 2048 376.830750 ) (-272 2048 376.830872 ) (-272 1639.719849 800 ) 
4 32 48 (-272 1224.085571 1230.791504 ) (-288 1224.085571 1230.791382 ) (-288 1377.290039 1072 ) (-272 1377.290039 1072 ) 
4 32 46 (-288 1599.376831 841.814148 ) (-288 1639.719727 800 ) (-272 1639.719849 800 ) (-272 1599.376831 841.814209 ) 
4 33 109 (0 1024 468 ) (0 1024 484.051117 ) (-64 1024 484.051117 ) (-64 1024 468 ) 
4 33 110 (-64 1024 484.051117 ) (-176 1024 484.051147 ) (-176 1024 468 ) (-64 1024 468 ) 
4 33 108 (0 1024 173.884979 ) (0 1024 468 ) (-176 1024 468 ) (-176 1024 173.885010 ) 
4 33 36 (-176 1282.643311 753.849304 ) (-176 1599.382813 841.814453 ) (-176 1986.036987 441.060059 ) (-176 1135.542725 204.862396 ) 
4 33 35 (-176 1024 484.040039 ) (-176 1081.312500 697.935547 ) (-176 1108.163574 705.392639 ) (-176 1024 391.284302 ) 
4 33 34 (-176 1377.287964 272 ) (-176 1986.031250 441.058594 ) (0 1986.032227 441.058868 ) (0 1377.289429 272 ) 
5 34 37 (-176 1986.036987 441.060059 ) (-176 2048 376.837433 ) (-176 2048 166.405304 ) (-176 1599.376953 41.814247 ) (-176 1377.288574 272 ) 
4 35 111 (-176 1024 484.051147 ) (-192 1024 484.051147 ) (-192 1024 432.510071 ) (-176 1024 391.284088 ) 
4 35 44 (-192 1024 432.510071 ) (-192 1024 484.058533 ) (-192 1081.308350 697.937256 ) (-192 1096.230225 702.081299 ) 
5 36 45 (-192 1639.721680 800 ) (-192 1986.033447 441.059052 ) (-192 1135.542725 204.862427 ) (-192 1282.644043 753.851807 ) (-192 1448.813232 800 ) 
3 36 41 (-192 1599.378296 841.814636 ) (-192 1639.721680 800 ) (-192 1448.813232 800 ) 
4 36 37 (-192 1377.287720 272 ) (-192 1986.031982 441.059631 ) (-176 1986.031250 441.058594 ) (-176 1377.288086 272 ) 
4 37 51 (-192 2048 192 ) (-192 2048 166.406174 ) (-192 1599.373901 41.817261 ) (-192 1454.473999 192 ) 
5 37 45 (-192 1986.033447 441.059052 ) (-192 2048 376.832764 ) (-192 2048 192 ) (-192 1454.473999 192 ) (-192 1377.288452 272 ) 
3 38 43 (-192 1369.934814 1079.625366 ) (-192 1377.291504 1072 ) (-192 1367.135986 1069.180054 ) 
4 38 39 (-176 1367.135986 1069.180054 ) (0 1367.135864 1069.180054 ) (0 1369.933838 1079.622192 ) (-176 1369.933594 1079.621216 ) 
4 39 40 (-176 1224.089844 1230.789063 ) (-176 1243.539307 1210.630127 ) (-176 1216 1107.850220 ) (-176 1216 1200.598022 ) 
4 40 42 (-192 1224.085938 1230.792969 ) (-192 1234.894043 1219.590698 ) (-192 1216 1149.076294 ) (-192 1216 1200.615723 ) 
3 41 46 (-264.161346 1599.380859 841.815308 ) (-264.161346 1639.724854 800 ) (-264.161346 1448.813354 800 ) 
4 41 45 (-264.161346 1448.813477 800 ) (-264.161346 1639.726563 800 ) (-192 1639.726563 800 ) (-192 1448.813232 800 ) 
3 43 47 (-264.161346 1369.935547 1079.628296 ) (-264.161346 1377.294312 1072.001221 ) (-264.161346 1367.135986 1069.180054 ) 
3 44 111 (-192 1024 484.051147 ) (-212.003464 1024 484.051147 ) (-192 1024 432.510071 ) 
4 45 51 (-192 2048 192 ) (-192 1216 192 ) (-264.161346 1216 192 ) (-264.161346 2048 192 ) 
7 45 49 (-264.161346 1639.724854 800 ) (-264.161346 2048 376.835510 ) (-264.161346 2048 192 ) (-264.161346 1184 192 ) (-264.161346 1184 385.707489 ) (-264.161346 1282.644043 753.851746 ) (-264.161346 1448.813477 800 ) 
3 46 52 (-288 1599.376953 841.814209 ) (-288 1639.719971 800 ) (-288 1448.813477 800 ) 
4 46 50 (-288 1448.813477 800 ) (-288 1639.722534 800 ) (-272 1639.722656 800 ) (-272 1448.813354 800 ) 
4 46 49 (-272 1639.722656 800 ) (-264.161346 1639.722656 800 ) (-264.161346 1448.813354 800 ) (-272 1448.813354 800 ) 
3 47 48 (-272 1367.135986 1069.180054 ) (-272 1369.934570 1079.624634 ) (-272 1377.290771 1072 ) 
4 48 52 (-288 1216 1200.611328 ) (-288 1224.086426 1230.790527 ) (-288 1377.290039 1072 ) (-288 1216 1027.206909 ) 
4 49 51 (-272 2048 192 ) (-264.161346 2048 192 ) (-264.161346 1216 192 ) (-272 1216 192 ) 
7 49 50 (-272 2048 192 ) (-272 1184 192 ) (-272 1184 385.707245 ) (-272 1282.644043 753.851746 ) (-272 1448.813477 800 ) (-272 1639.719849 800 ) (-272 2048 376.831207 ) 
4 50 53 (-288 1216 192 ) (-288 1184 192 ) (-288 1184 726.456482 ) (-288 1216 735.343445 ) 
6 50 52 (-288 2048 376.830994 ) (-288 2048 192 ) (-288 1216 192 ) (-288 1216 735.343445 ) (-288 1448.813477 800 ) (-288 1639.719971 800 ) 
4 50 51 (-288 1216 192 ) (-288 2048 192 ) (-272 2048 192 ) (-272 1216 192 ) 
4 51 52 (-288 2048 192 ) (-288 2048 166.407349 ) (-288 1216 -64.654236 ) (-288 1216 192 ) 
4 52 54 (-352 1216 1604.938721 ) (-352 2048 1381.974854 ) (-352 2048 166.407349 ) (-352 1216 -64.654205 ) 
4 52 53 (-352 1216 800 ) (-352 1216 192 ) (-288 1216 192 ) (-288 1216 800 ) 
4 55 90 (638.562378 0 1208 ) (0 0 1208 ) (0 0 704 ) (638.562378 0 704 ) 
4 55 63 (638.562378 264.500946 704 ) (383.616821 158.899139 704 ) (383.616821 158.899139 1208 ) (638.562378 264.500946 1208 ) 
4 55 62 (383.616821 158.899139 704 ) (0 0 704 ) (0 0 1208 ) (383.616821 158.899139 1208 ) 
3 55 56 (383.839050 0 704 ) (0 0 704 ) (383.839050 158.991257 704 ) 
4 56 92 (383.839050 0 704 ) (0 0 704 ) (0 0 576 ) (383.839050 0 576 ) 
4 56 62 (383.616821 158.899139 576 ) (0 0 576 ) (0 0 704 ) (383.616821 158.899155 704 ) 
3 56 59 (0 0 576 ) (176 72.901520 576 ) (176 0 576 ) 
4 56 58 (176 72.901520 576 ) (272 112.665985 576 ) (272 0 576 ) (176 0 576 ) 
4 56 57 (272 112.665985 576 ) (383.839050 158.991196 576 ) (383.839050 0 576 ) (272 0 576 ) 
4 57 91 (638.562378 0 576 ) (383.839050 0 576 ) (383.839050 0 64 ) (638.562378 0 64 ) 
4 57 92 (383.839050 0 576 ) (272 0 576 ) (272 0 64 ) (383.839050 0 64 ) 
4 57 70 (272 112.665977 64 ) (272 112.665985 576 ) (638.562378 264.500946 576 ) (638.562378 264.500946 64 ) 
5 57 58 (272 0 576 ) (272 112.664063 576 ) (272 112.664093 65.784943 ) (272 106.002678 64 ) (272 0 64 ) 
4 58 92 (272 0 576 ) (176 0 576 ) (176 0 64 ) (272 0 64 ) 
4 58 76 (176 72.901512 64 ) (176 72.901520 576 ) (192 79.528931 576 ) (192 79.528923 64 ) 
5 58 73 (192 79.528931 576 ) (272 112.665985 576 ) (272 112.665977 65.785461 ) (255.913345 106.002670 64 ) (192 79.528923 64 ) 
4 58 59 (176 0 576 ) (176 72.898438 576 ) (176 72.898468 64 ) (176 0 64 ) 
4 59 92 (176 0 576 ) (0 0 576 ) (0 0 64 ) (176 0 64 ) 
4 59 79 (0 0 64 ) (0 0 576 ) (64 26.509644 576 ) (64 26.509640 64 ) 
4 59 77 (64 26.509644 576 ) (176 72.901520 576 ) (176 72.901512 64 ) (64 26.509640 64 ) 
3 60 106 (0 495.975830 1208 ) (0 544.126038 1208 ) (0 544.126038 1021.750977 ) 
5 60 105 (0 383.839050 704 ) (0 383.839050 1208 ) (0 495.975830 1208 ) (0 544.126038 1021.750977 ) (0 544.126038 704 ) 
4 60 65 (0 544.125610 704 ) (0 544.125549 840.615356 ) (159.616669 383.839050 796.100952 ) (159.616684 383.839050 704 ) 
4 60 64 (0 544.125549 840.615356 ) (0 544.125488 1208 ) (159.616608 383.839050 1208 ) (159.616669 383.839050 796.100952 ) 
3 60 61 (159.617188 383.839050 704 ) (158.992126 383.839050 704 ) (159.175735 384.282349 704 ) 
4 60 62 (159.617188 383.839050 704 ) (159.617188 383.839050 1208 ) (0 383.839050 1208 ) (0 383.839050 704 ) 
3 61 77 (159.175705 384.282257 576 ) (159.617050 383.839050 576 ) (158.992111 383.839050 576 ) 
4 61 62 (158.992126 383.839050 576 ) (159.617188 383.839050 576 ) (159.617188 383.839050 704 ) (158.992126 383.839050 704 ) 
4 62 107 (0 383.839050 576 ) (0 0 576 ) (0 0 1208 ) (0 383.839050 1208 ) 
4 62 79 (64 26.509659 576 ) (0 0 576 ) (0 383.839050 576 ) (64 383.839050 576 ) 
5 62 77 (176 72.901558 576 ) (64 26.509659 576 ) (64 383.839050 576 ) (159.617050 383.839050 576 ) (176 367.387329 576 ) 
4 62 76 (192 79.528976 576 ) (176 72.901558 576 ) (176 367.387329 576 ) (192 351.320190 576 ) 
4 62 73 (272 112.666046 576 ) (192 79.528976 576 ) (192 351.320190 576 ) (272 270.984406 576 ) 
3 62 70 (383.616760 158.899200 576 ) (272 112.666046 576 ) (272 270.984406 576 ) 
4 62 65 (159.616684 383.839050 704 ) (159.616669 383.839050 796.100952 ) (288 254.916901 760.296997 ) (288 254.916901 704 ) 
4 62 64 (159.616669 383.839050 796.100952 ) (159.616608 383.839050 1208 ) (288 254.916885 1208 ) (288 254.916901 760.296997 ) 
4 62 63 (288 254.916885 1208 ) (383.617188 158.898438 1208 ) (383.614075 158.901550 704 ) (288 254.916901 704 ) 
5 63 65 (288 615.004028 704 ) (288 254.917969 704 ) (288 254.917969 760.297302 ) (288 587.817505 852.749390 ) (288 615.004028 747.589600 ) 
4 63 64 (288 254.917969 760.297302 ) (288 254.917938 1208 ) (288 615.004028 1208 ) (288 615.004028 860.299561 ) 
5 64 106 (0 544.126038 1021.750977 ) (0 544.126038 1208 ) (0 638.562378 1208 ) (0 638.562378 866.842163 ) (0 587.817383 852.749329 ) 
3 64 105 (0 544.126038 840.615479 ) (0 544.126038 1021.750977 ) (0 587.817383 852.749329 ) 
4 64 65 (288 587.817566 852.749084 ) (288 254.917267 760.296753 ) (0 544.125000 840.614868 ) (0 587.817444 852.749023 ) 
4 65 105 (0 626.272949 704 ) (0 544.126038 704 ) (0 544.126038 840.615479 ) (0 587.817383 852.749329 ) 
4 66 101 (0 1024 682.021912 ) (0 1024 576 ) (0 848 576 ) (0 848 633.143494 ) 
4 66 78 (0 848 576 ) (0 1024 576 ) (64 1024 576 ) (64 848 576 ) 
4 66 77 (64 1024 576 ) (176 1024 576 ) (176 848 576 ) (64 848 576 ) 
4 66 76 (176 1024 576 ) (192 1024 576 ) (192 848 576 ) (176 848 576 ) 
3 66 75 (247.682388 1024 576 ) (272.022675 1024 576 ) (272.022675 1007.195740 576 ) 
5 66 71 (192 1024 576 ) (247.682388 1024 576 ) (272.022675 1007.195740 576 ) (272.022675 848 576 ) (192 848 576 ) 
4 66 69 (64 848 576 ) (272.022675 848 576 ) (272.022675 848 633.143799 ) (64 848 633.143555 ) 
4 67 69 (272.022675 658.215637 580.437195 ) (272.022675 658.845703 578 ) (64 658.845581 578 ) (64 658.215576 580.437012 ) 
5 67 68 (64 644 578 ) (64 658.848816 578 ) (272.022675 658.848938 578 ) (272.022675 656.716553 578 ) (266.753387 644 578 ) 
4 68 77 (64 659.364258 576 ) (176 659.364319 576 ) (176 639.787354 576 ) (64 639.787354 576 ) 
4 68 76 (176 659.364319 576 ) (192 659.364319 576 ) (192 639.787354 576 ) (176 639.787354 576 ) 
5 68 71 (192 659.364319 576 ) (272.022675 659.364319 576 ) (272.022675 656.717590 576 ) (265.009918 639.787354 576 ) (192 639.787354 576 ) 
4 68 69 (272.022675 658.845703 578 ) (272.022675 659.362732 576 ) (64 659.362610 576 ) (64 658.845581 578 ) 
4 69 77 (64 848 576 ) (176 848 576 ) (176 659.364319 576 ) (64 659.364258 576 ) 
4 69 76 (176 848 576 ) (192 848 576 ) (192 659.364319 576 ) (176 659.364319 576 ) 
4 69 71 (192 848 576 ) (272.022675 848 576 ) (272.022675 659.364319 576 ) (192 659.364319 576 ) 
4 70 73 (272 112.664093 65.784927 ) (272 112.664063 576 ) (272 631 576 ) (272 631 204.672913 ) 
5 71 76 (192 463.526703 576 ) (192 1024 576 ) (192 1024 432.530823 ) (192 988.621765 300.497681 ) (192 463.526703 159.798523 ) 
5 71 75 (272 1007.212891 576 ) (272 929.120117 284.554199 ) (211.996521 973.749634 296.512695 ) (211.997223 1024 484.051178 ) (247.684280 1024 576 ) 
4 71 73 (192 463.528320 576 ) (192 463.528320 159.798950 ) (264.482422 638.515503 206.686752 ) (264.482422 638.515503 576 ) 
4 71 72 (192 988.625000 300.499023 ) (212 973.748108 296.512787 ) (212.001099 511.805206 172.735504 ) (192 463.518524 159.797089 ) 
4 72 76 (192 988.621765 300.497681 ) (192 984.636963 285.626160 ) (192 463.526703 145.994781 ) (192 463.526703 159.798523 ) 
3 72 74 (192 463.528320 159.798950 ) (192 463.528320 145.995193 ) (212 511.812378 172.736664 ) 
5 73 76 (192 79.531250 64 ) (192 79.531250 576 ) (192 463.526703 576 ) (192 463.526703 159.798523 ) (192 106.002686 64 ) 
4 73 74 (212.001038 106 64 ) (192 106 64 ) (192 463.518768 159.797089 ) (212.001007 511.805206 172.735443 ) 
4 74 76 (192 463.526703 159.798523 ) (192 463.526703 145.994766 ) (192 157.518829 64 ) (192 106.002686 64 ) 
6 76 77 (176 72.898468 64 ) (176 72.898438 576 ) (176 1024 576 ) (176 1024 391.305847 ) (176 993.349731 276.917755 ) (176 198.731781 64 ) 
6 77 79 (64 848 125.006927 ) (64 628.328125 64 ) (64 26.509644 64 ) (64 26.507813 576 ) (64 624 576 ) (64 848 520 ) 
4 77 78 (64 1024 173.885376 ) (64 848 125.006927 ) (64 848 576 ) (64 1024 576 ) 
4 78 109 (0 1024 576 ) (0 1024 468 ) (0 848 512 ) (0 848 576 ) 
4 78 108 (0 1024 468 ) (0 1024 173.884979 ) (0 848 125.006607 ) (0 848 512 ) 
3 78 80 (0 848 512 ) (0 848 488 ) (48 848 512 ) 
4 78 79 (0 848 125.007813 ) (64 848 125.007813 ) (64 848 520 ) (0 848 488 ) 
6 79 108 (0 848 125.006607 ) (0 628.328979 64 ) (0 0 64 ) (0 0 576 ) (0 496 576 ) (0 848 488 ) 
4 79 80 (48 848 512 ) (0 848 488 ) (0 496 576 ) (48 592 576 ) 
4 80 108 (0 496 576 ) (0 592 576 ) (0 848 512 ) (0 848 488 ) 
4 81 124 (0 -638.562378 1208 ) (0 0 1208 ) (0 0 704 ) (0 -638.562378 704 ) 
4 81 87 (0 0 704 ) (0 0 1208 ) (264.501038 -638.562378 1208 ) (264.501038 -638.562378 704 ) 
4 81 83 (157.401016 -380 704 ) (158.991196 -383.839050 704 ) (36 -383.839050 704 ) (36 -380 704 ) 
3 81 82 (0 0 704 ) (157.401016 -380 704 ) (0 -380 704 ) 
4 82 125 (0 -380 704 ) (0 0 704 ) (0 0 568 ) (0 -380 568 ) 
4 82 88 (0 0 568 ) (0 0 704 ) (157.401062 -380 704 ) (157.401062 -380 568 ) 
3 82 86 (0 -380 568 ) (0 0 568 ) (157.400452 -380 568 ) 
4 82 83 (36 -380 568 ) (157.398438 -380 568 ) (157.398438 -380 704 ) (36 -380 704 ) 
4 83 89 (158.991241 -383.839050 576 ) (158.991241 -383.839050 568 ) (158.899185 -383.616791 568 ) (158.899185 -383.616791 576 ) 
4 83 88 (157.401062 -380 704 ) (158.899185 -383.616791 704 ) (158.899185 -383.616791 568 ) (157.401062 -380 568 ) 
4 83 86 (36 -380 568 ) (157.400452 -380 568 ) (158.990631 -383.839050 568 ) (36 -383.839050 568 ) 
4 83 84 (36 -383.839050 568 ) (158.992188 -383.839050 568 ) (158.992188 -383.839050 576 ) (36 -383.839050 576 ) 
4 84 89 (264.501038 -638.562378 576 ) (264.501038 -638.562378 568 ) (158.991241 -383.839050 568 ) (158.991241 -383.839050 576 ) 
4 84 86 (264.500000 -638.562378 568 ) (36 -638.562378 568 ) (36 -383.839050 568 ) (158.990631 -383.839050 568 ) 
4 84 85 (36 -408 568 ) (36 -638.562378 568 ) (36 -638.562378 576 ) (36 -408 576 ) 
4 85 127 (0 -638.562378 568 ) (0 -638.562378 576 ) (0 -408 576 ) (0 -408 568 ) 
4 85 86 (36 -638.562378 568 ) (0 -638.562378 568 ) (0 -408 568 ) (36 -408 568 ) 
4 86 129 (0 -638.562378 64 ) (0 -638.562378 568 ) (0 0 568 ) (0 0 64 ) 
4 86 89 (158.899185 -383.616791 568 ) (264.501038 -638.562378 568 ) (264.501038 -638.562378 64 ) (158.899185 -383.616821 64 ) 
4 86 88 (0 0 64 ) (0 0 568 ) (158.899185 -383.616791 568 ) (158.899185 -383.616821 64 ) 
4 87 90 (638.515015 -264.482971 704 ) (0 0 704 ) (0 0 1208 ) (638.515015 -264.483002 1208 ) 
3 87 88 (158.899139 -383.616821 704 ) (0 0 704 ) (384.282288 -159.175705 704 ) 
4 88 91 (384.282227 -159.175751 64 ) (383.839050 -158.992188 64 ) (383.839050 -158.992203 576 ) (384.282227 -159.175766 576 ) 
4 88 92 (383.839050 -158.992188 64 ) (0 0 64 ) (0 0 704 ) (383.839050 -158.992203 704 ) 
4 88 89 (158.898438 -383.617188 64 ) (384.285156 -159.171875 64 ) (384.278900 -159.178131 576 ) (158.898834 -383.616333 576 ) 
4 89 91 (638.514954 -264.482971 64 ) (384.282227 -159.175751 64 ) (384.282227 -159.175766 576 ) (638.515015 -264.482971 576 ) 
3 90 92 (383.839050 -158.991913 704 ) (0 0 704 ) (383.839050 0 704 ) 
4 91 92 (383.839050 0 64 ) (383.839050 -158.992188 64 ) (383.839050 -158.992188 576 ) (383.839050 0 576 ) 
4 93 122 (0 0 576 ) (0 0 704 ) (-383.839050 0 704 ) (-383.839050 0 576 ) 
4 93 121 (0 0 704 ) (0 0 1208 ) (-383.839050 0 1208 ) (-383.839050 0 704 ) 
4 93 97 (0 0 1208 ) (0 0 576 ) (-383.839050 158.992172 576 ) (-383.839050 158.992157 1208 ) 
4 93 96 (-383.839050 158.991638 576 ) (-272 112.666153 576 ) (-272 0 576 ) (-383.839050 0 576 ) 
3 93 95 (-272 112.666153 576 ) (-0.001160 0 576 ) (-272 0 576 ) 
4 93 94 (-383.839050 0 704 ) (-383.839050 0 1208 ) (-383.839050 158.992188 1208 ) (-383.839050 158.992188 704 ) 
4 94 121 (-383.839050 0 1208 ) (-638.562378 0 1208 ) (-638.562378 0 704 ) (-383.839050 0 704 ) 
4 94 100 (-638.562378 264.502563 704 ) (-638.562378 264.502563 762.959167 ) (-384.282227 159.175735 733.708008 ) (-384.282227 159.175735 704 ) 
4 94 98 (-638.562378 264.502563 762.959167 ) (-638.562378 264.502563 1208 ) (-384.282227 159.175735 1208 ) (-384.282227 159.175735 733.708008 ) 
4 94 97 (-384.282227 159.175735 1208 ) (-383.839050 158.992157 1208 ) (-383.839050 158.992172 704 ) (-384.282227 159.175735 704 ) 
4 95 122 (0 0 64 ) (0 0 576 ) (-272 0 576 ) (-272 0 64 ) 
4 95 115 (-264.161346 109.419754 64.915611 ) (-272 112.666649 65.785614 ) (-272 112.666656 576 ) (-264.161346 109.419762 576 ) 
4 95 113 (-218.082642 90.333244 64 ) (-255.911804 106.002670 64 ) (-264.161346 109.419754 64.915611 ) (-264.161346 109.419754 100.917152 ) 
5 95 111 (-176 72.901955 64 ) (-218.082642 90.333244 64 ) (-264.161346 109.419754 100.917152 ) (-264.161346 109.419762 576 ) (-176 72.901947 576 ) 
4 95 108 (0 0 576 ) (0 0 64 ) (-176 72.901955 64 ) (-176 72.901947 576 ) 
5 95 96 (-272 0 64 ) (-272 0 576 ) (-272 112.664063 576 ) (-272 112.664093 65.784943 ) (-272 106.002678 64 ) 
4 96 123 (-383.839050 0 576 ) (-638.562378 0 576 ) (-638.562378 0 64 ) (-383.839050 0 64 ) 
4 96 122 (-272 0 64 ) (-272 0 576 ) (-383.839050 0 576 ) (-383.839050 0 64 ) 
4 96 117 (-638.562378 264.502533 576 ) (-272 112.666656 576 ) (-272 112.666649 64 ) (-638.562378 264.502533 64 ) 
3 97 117 (-272 112.668457 576 ) (-384.281006 159.176941 576 ) (-272 270.988708 576 ) 
4 97 115 (-264.161346 109.421570 576 ) (-272 112.668457 576 ) (-272 270.988708 576 ) (-264.161346 278.794617 576 ) 
4 97 111 (-176 72.903809 576 ) (-264.161346 109.421570 576 ) (-264.161346 278.794617 576 ) (-176 366.587524 576 ) 
4 97 108 (0 0.001953 576 ) (-176 72.903809 576 ) (-176 366.587524 576 ) (-158.898865 383.617188 576 ) 
4 97 107 (-0.001953 0 576 ) (-158.900513 383.615417 576 ) (-158.898804 383.617188 1208 ) (0 0 1208 ) 
4 97 100 (-384.281860 159.175644 704 ) (-384.281830 159.175659 733.707947 ) (-288 255.055130 760.335388 ) (-288 255.055161 704 ) 
4 97 99 (-158.900375 383.615265 796.038818 ) (-158.900375 383.615265 704 ) (-288 255.055161 704 ) (-288 255.055130 760.335388 ) 
4 97 98 (-158.900360 383.615295 1208 ) (-158.900375 383.615265 796.038818 ) (-384.281830 159.175659 733.707947 ) (-384.281250 159.175781 1208 ) 
4 98 106 (-264.509918 638.585083 1208 ) (-205.439224 495.975769 1208 ) (-243.482559 587.817200 852.749390 ) (-264.510834 638.584106 866.848267 ) 
4 98 105 (-205.439224 495.975769 1208 ) (-158.990692 383.839050 1208 ) (-158.992294 383.839050 796.101013 ) (-243.482559 587.817200 852.749390 ) 
4 98 107 (-158.990692 383.839050 1208 ) (-158.898804 383.617188 1208 ) (-158.899918 383.616028 796.039063 ) (-158.992294 383.839050 796.101013 ) 
4 98 100 (-288 255.055222 760.335144 ) (-384.282043 159.175598 733.707642 ) (-638.515137 264.482819 762.953369 ) (-288 615.088928 860.322876 ) 
4 98 99 (-243.480896 587.817322 852.749084 ) (-158.898438 383.617188 796.039063 ) (-288 255.055222 760.335144 ) (-288 587.817261 852.749084 ) 
4 99 105 (-243.482574 587.817261 852.749390 ) (-158.992310 383.839050 796.101013 ) (-158.992645 383.839050 704 ) (-259.411926 626.272827 704 ) 
4 99 107 (-158.992310 383.839050 796.101013 ) (-158.899918 383.616028 796.039063 ) (-158.900162 383.615784 704 ) (-158.992645 383.839050 704 ) 
5 99 100 (-288 615.088867 704 ) (-288 255.054855 704 ) (-288 255.054688 760.337891 ) (-288 587.816650 852.751465 ) (-288 615.088867 747.260437 ) 
3 101 112 (-264.161346 1024 576 ) (-247.689438 1024 576 ) (-264.161346 1012.627991 576 ) 
5 101 111 (-247.689438 1024 576 ) (-176 1024 576 ) (-176 848 576 ) (-264.161346 848 576 ) (-264.161346 1012.627991 576 ) 
4 101 109 (-64 1024 576 ) (0 1024 576 ) (0 848 576 ) (-64 848 576 ) 
4 101 110 (-176 1024 576 ) (-64 1024 576 ) (-64 848 576 ) (-176 848 576 ) 
4 101 102 (-264.161346 848 576 ) (-64 848 576 ) (-64 848 633.143494 ) (-264.161346 848 633.143311 ) 
4 102 111 (-264.161346 848 576 ) (-176 848 576 ) (-176 642.239685 576 ) (-264.161346 642.239990 576 ) 
4 102 110 (-176 848 576 ) (-64 848 576 ) (-64 642.239319 576 ) (-176 642.239685 576 ) 
4 102 104 (-264.161346 649.440613 578 ) (-264.161346 642.239014 576 ) (-64 642.238342 576 ) (-64 649.439941 578 ) 
4 102 103 (-264.161346 658.216980 580.437317 ) (-264.161346 649.440613 578 ) (-64 649.439941 578 ) (-64 658.217041 580.437561 ) 
4 103 104 (-264.161346 649.445984 578 ) (-64 649.445313 578 ) (-64 644 578 ) (-264.161346 644 578 ) 
4 104 111 (-264.161346 642.239990 576 ) (-176 642.239685 576 ) (-176 639.787354 576 ) (-264.161346 639.787354 576 ) 
4 104 110 (-176 642.239685 576 ) (-64 642.239319 576 ) (-64 639.787354 576 ) (-176 639.787354 576 ) 
4 105 106 (-243.480682 587.816711 852.749207 ) (-205.439072 495.975159 1208 ) (0 495.975250 1208 ) (0 587.816772 852.749268 ) 
4 105 107 (-158.992188 383.839050 1208 ) (-158.992188 383.839050 704 ) (0 383.839050 704 ) (0 383.839050 1208 ) 
3 107 108 (0 0.001953 576 ) (-158.990753 383.839050 576 ) (0 383.839050 576 ) 
7 108 111 (-176 72.898438 576 ) (-176 592 576 ) (-176 1024 468 ) (-176 1024 391.284363 ) (-176 993.356567 276.919556 ) (-176 198.730316 64 ) (-176 72.900261 64 ) 
4 108 109 (0 1024 468 ) (-64 1024 468 ) (-64 848 512 ) (0 848 512 ) 
4 108 110 (-64 1024 468 ) (-176 1024 468 ) (-176 592 576 ) (-64 592 576 ) 
4 109 110 (-64 1024 468 ) (-64 848 512 ) (-64 848 576 ) (-64 1024 576 ) 
3 110 111 (-176 592 576 ) (-176 1024 576 ) (-176 1024 468 ) 
4 111 116 (-264.161346 638.933716 576 ) (-264.161346 640.062195 576 ) (-264.161346 640.062195 243.102432 ) (-264.161346 638.933716 242.800064 ) 
4 111 115 (-264.161346 109.421875 576 ) (-264.161346 638.933716 576 ) (-264.161346 638.933716 242.800064 ) (-264.161346 109.420654 100.917389 ) 
5 111 113 (-212.001465 106.002670 64 ) (-218.084473 90.333992 64 ) (-264.161346 109.419754 100.915688 ) (-264.161346 945.347595 324.901917 ) (-212.002182 973.751038 296.513031 ) 
5 111 112 (-212.001678 973.752441 296.523163 ) (-264.161346 945.348755 324.912354 ) (-264.161346 1012.626343 576 ) (-247.687134 1024 576 ) (-212.001175 1024 484.051117 ) 
3 112 114 (-212.004013 973.750061 296.514038 ) (-264.161346 945.347595 324.901917 ) (-264.161346 984.141724 335.296783 ) 
4 113 116 (-264.161346 640.062195 207.101196 ) (-264.161346 638.933716 206.798828 ) (-264.161346 638.933655 242.800049 ) (-264.161346 640.062256 243.102448 ) 
4 113 115 (-264.161346 638.933716 206.798828 ) (-264.161346 109.420563 64.915825 ) (-264.161346 109.420654 100.917389 ) (-264.161346 638.933655 242.800049 ) 
3 113 114 (-212.007813 973.750000 296.513672 ) (-264.161346 934.958740 286.119568 ) (-264.161346 945.349609 324.900391 ) 
4 115 117 (-272 112.665443 65.785286 ) (-272 112.664063 576 ) (-272 631.093018 576 ) (-272 631.093018 204.697876 ) 
4 115 116 (-264.161346 638.935913 576 ) (-264.161346 638.935913 206.799377 ) (-264.510925 638.586182 206.705658 ) (-264.510925 638.586182 576 ) 
4 118 124 (-264.482788 -638.515137 704 ) (0 0 704 ) (0 0 1208 ) (-264.482788 -638.515198 1208 ) 
4 118 121 (0 0 1208 ) (0 0 704 ) (-638.584717 -264.510254 704 ) (-638.584778 -264.510284 1208 ) 
3 118 119 (-383.616821 -158.899139 704 ) (0 0 704 ) (-159.175705 -384.282288 704 ) 
4 119 129 (-159.175659 -384.282349 64 ) (0 0 64 ) (0 0 568 ) (-159.175644 -384.282318 568 ) 
4 119 128 (-159.175644 -384.282318 576 ) (-159.175644 -384.282318 568 ) (-158.992035 -383.839050 568 ) (-158.992035 -383.839050 576 ) 
4 119 126 (-157.401840 -380 704 ) (-158.992035 -383.839050 704 ) (-158.992035 -383.839050 568 ) (-157.401840 -380 568 ) 
4 119 125 (0 0 568 ) (0 0 704 ) (-157.401840 -380 704 ) (-157.401840 -380 568 ) 
4 119 122 (0 0 704 ) (0 0 64 ) (-383.616791 -158.899170 64 ) (-383.616821 -158.899170 704 ) 
4 119 120 (-383.613281 -158.902344 64 ) (-159.175613 -384.281982 64 ) (-159.172623 -384.284515 576 ) (-383.616394 -158.899216 576 ) 
4 120 129 (-264.482788 -638.515137 64 ) (-159.175659 -384.282349 64 ) (-159.175644 -384.282318 568 ) (-264.482788 -638.515137 568 ) 
4 120 128 (-159.175644 -384.282318 568 ) (-159.175644 -384.282318 576 ) (-264.482788 -638.515137 576 ) (-264.482788 -638.515137 568 ) 
4 120 123 (-383.839050 -158.991226 64 ) (-638.584717 -264.510254 64 ) (-638.584717 -264.510254 576 ) (-383.839050 -158.991211 576 ) 
4 120 122 (-383.616791 -158.899170 64 ) (-383.839050 -158.991226 64 ) (-383.839050 -158.991211 576 ) (-383.616821 -158.899170 576 ) 
3 121 122 (0 0 704 ) (-383.839050 -158.991287 704 ) (-383.839050 0 704 ) 
4 122 123 (-383.839050 0 64 ) (-383.839050 -158.992188 64 ) (-383.839050 -158.992188 576 ) (-383.839050 0 576 ) 
4 124 126 (-158.991653 -383.839050 704 ) (-157.401459 -380 704 ) (-36 -380 704 ) (-36 -383.839050 704 ) 
3 124 125 (-157.401459 -380 704 ) (0 -0.001160 704 ) (0 -380 704 ) 
3 125 129 (-157.399445 -380 568 ) (0 -0.005920 568 ) (0 -380 568 ) 
4 125 126 (-157.402344 -380 568 ) (-36 -380 568 ) (-36 -380 704 ) (-157.406250 -380 704 ) 
4 126 129 (-158.989639 -383.839050 568 ) (-157.399445 -380 568 ) (-36 -380 568 ) (-36 -383.839050 568 ) 
4 126 128 (-158.992188 -383.839050 568 ) (-36 -383.839050 568 ) (-36 -383.839050 576 ) (-158.992188 -383.839050 576 ) 
4 127 129 (0 -638.562378 568 ) (-36 -638.562378 568 ) (-36 -408 568 ) (0 -408 568 ) 
4 127 128 (-36 -408 568 ) (-36 -638.562378 568 ) (-36 -638.562378 576 ) (-36 -408 576 ) 
4 128 129 (-36 -638.562378 568 ) (-264.500000 -638.562378 568 ) (-158.989639 -383.839050 568 ) (-36 -383.839050 568 ) 
