


ConVarRef nmrih_ssao_blursharpness doesn't point to an existing ConVar
materialPath: E:\Games\GamesInstall\SteamLibrary\SteamApps\common\nmrih\nmrih\materials
Loading E:\Games\GamesInstall\SteamLibrary\SteamApps\common\nmrih\bin\DynEnter\vmfoutput\the_library2.vmf
Map revision 69
ConVarRef mat_reduceparticles doesn't point to an existing ConVar
Could not locate 'GameData' key in e:\games\gamesinstall\steamlibrary\steamapps\common\nmrih\nmrih\gameinfo.txt
fixing up env_cubemap materials on brush sides...
0...1...2...3...4...5...6...7...8...9...10**** leaked ****
Entity light (-64.00 1184.00 240.00) leaked!
--- MAP LEAKED ---



12 threads
reading e:\games\gamesinstall\steamlibrary\steamapps\common\nmrih\bin\dynenter\vmfoutput\the_library2.bsp
Error opening e:\games\gamesinstall\steamlibrary\steamapps\common\nmrih\bin\dynenter\vmfoutput\the_library2.bsp


materialPath: E:\Games\GamesInstall\SteamLibrary\SteamApps\common\nmrih\nmrih\materials
Loading E:\Games\GamesInstall\SteamLibrary\SteamApps\common\nmrih\bin\DynEnter/vmfoutput/the_library2.vmf
ConVarRef mat_reduceparticles doesn't point to an existing ConVar
Could not locate 'GameData' key in e:\games\gamesinstall\steamlibrary\steamapps\common\nmrih\nmrih\gameinfo.txt
fixing up env_cubemap materials on brush sides...
0...1...2...3...4...5...6...7...8...9...10**** leaked ****
Entity light (-64.00 1184.00 240.00) leaked!

FindPortalSide: Couldn't find a good match for which brush to assign to a portal near (1024.0 2256.0 -648.0)
Leaf 0 contents: CONTENTS_SOLID 
Leaf 1 contents: 
viscontents (node 0 contents ^ node 1 contents): CONTENTS_SOLID 
This means that none of the brushes in leaf 0 or 1 that touches the portal has CONTENTS_SOLID 
Check for a huge brush enclosing the coordinates above that has contents CONTENTS_SOLID 
Candidate brush IDs: 


FindPortalSide: Couldn't find a good match for which brush to assign to a portal near (1024.0 2256.0 848.0)
Leaf 0 contents: CONTENTS_SOLID 
Leaf 1 contents: 
viscontents (node 0 contents ^ node 1 contents): CONTENTS_SOLID 
This means that none of the brushes in leaf 0 or 1 that touches the portal has CONTENTS_SOLID 
Check for a huge brush enclosing the coordinates above that has contents CONTENTS_SOLID 
Candidate brush IDs: 


FindPortalSide: Couldn't find a good match for which brush to assign to a portal near (1024.0 2256.0 3288.0)
Leaf 0 contents: CONTENTS_SOLID 
Leaf 1 contents: 
viscontents (node 0 contents ^ node 1 contents): CONTENTS_SOLID 
This means that none of the brushes in leaf 0 or 1 that touches the portal has CONTENTS_SOLID 
Check for a huge brush enclosing the coordinates above that has contents CONTENTS_SOLID 
Candidate brush IDs: 


FindPortalSide: Couldn't find a good match for which brush to assign to a portal near (1024.0 2768.0 1792.0)
Leaf 0 contents: CONTENTS_SOLID 
Leaf 1 contents: 
viscontents (node 0 contents ^ node 1 contents): CONTENTS_SOLID 
This means that none of the brushes in leaf 0 or 1 that touches the portal has CONTENTS_SOLID 
Check for a huge brush enclosing the coordinates above that has contents CONTENTS_SOLID 
Candidate brush IDs: 


FindPortalSide: Couldn't find a good match for which brush to assign to a portal near (2048.0 2560.0 1792.0)
Leaf 0 contents: 
Leaf 1 contents: CONTENTS_SOLID 
viscontents (node 0 contents ^ node 1 contents): CONTENTS_SOLID 
This means that none of the brushes in leaf 0 or 1 that touches the portal has CONTENTS_SOLID 
Check for a huge brush enclosing the coordinates above that has contents CONTENTS_SOLID 
Candidate brush IDs: 


FindPortalSide: Couldn't find a good match for which brush to assign to a portal near (1536.0 3072.0 1792.0)
Leaf 0 contents: 
Leaf 1 contents: CONTENTS_SOLID 
viscontents (node 0 contents ^ node 1 contents): CONTENTS_SOLID 
This means that none of the brushes in leaf 0 or 1 that touches the portal has CONTENTS_SOLID 
Check for a huge brush enclosing the coordinates above that has contents CONTENTS_SOLID 
Candidate brush IDs: 


FindPortalSide: Couldn't find a good match for which brush to assign to a portal near (1024.0 1536.0 1792.0)
Leaf 0 contents: CONTENTS_SOLID 
Leaf 1 contents: 
viscontents (node 0 contents ^ node 1 contents): CONTENTS_SOLID 
This means that none of the brushes in leaf 0 or 1 that touches the portal has CONTENTS_SOLID 
Check for a huge brush enclosing the coordinates above that has contents CONTENTS_SOLID 
Candidate brush IDs: 


FindPortalSide: Couldn't find a good match for which brush to assign to a portal near (2048.0 1536.0 1792.0)
Leaf 0 contents: 
Leaf 1 contents: CONTENTS_SOLID 
viscontents (node 0 contents ^ node 1 contents): CONTENTS_SOLID 
This means that none of the brushes in leaf 0 or 1 that touches the portal has CONTENTS_SOLID 
Check for a huge brush enclosing the coordinates above that has contents CONTENTS_SOLID 
Candidate brush IDs: 

*** Suppressing further FindPortalSide errors.... ***
Processing areas...done (0)
Building Faces...done (0)
Chop Details...done (0)
Find Visible Detail Sides...
Merged 168 detail faces...done (0)
Merging details...done (0)
FixTjuncs...
PruneNodes...
WriteBSP...
done (0)
Creating default LDR cubemaps for env_cubemap using skybox materials:
   skybox/sky_day01_01*.vmt
 ! Run buildcubemaps in the engine to get the correct cube maps.
Creating default HDR cubemaps for env_cubemap using skybox materials:
   skybox/sky_day01_01*.vmt
 ! Run buildcubemaps in the engine to get the correct cube maps.
Finding displacement neighbors...
Finding lightmap sample positions...
Displacement Alpha : 0...1...2...3...4...5...6...7...8...9...10
Building Physics collision data...
done (0) (415733 bytes)
Placing detail props : 0...1...2...3...4...5...6...7...8...9...10
Compacting texture/material tables...
Reduced 1753 texinfos to 1607
Reduced 34 texdatas to 32 (979 bytes to 922)
Writing E:\Games\GamesInstall\SteamLibrary\SteamApps\common\nmrih\bin\DynEnter/vmfoutput/the_library2.bsp
Wrote ZIP buffer, estimated size 212733, actual size 211983
0 seconds elapsed



12 threads
reading e:\games\gamesinstall\steamlibrary\steamapps\common\nmrih\bin\dynenter\vmfoutput\the_library2.bsp
reading e:\games\gamesinstall\steamlibrary\steamapps\common\nmrih\bin\dynenter\vmfoutput\the_library2.prt
LoadPortals: couldn't read e:\games\gamesinstall\steamlibrary\steamapps\common\nmrih\bin\dynenter\vmfoutput\the_library2.prt



[Reading texlights from 'lights.rad']
[52 texlights parsed from 'lights.rad']

Loading e:\games\gamesinstall\steamlibrary\steamapps\common\nmrih\bin\dynenter\vmfoutput\the_library2.bsp
Error! Unable to load file "models/de_cistern/props/crane_pipes.dx80.vtx"
No vis information, direct lighting only.
7946 faces
1 degenerate faces
2449820 square feet [352774176.00 square inches]
0 Displacements
0 Square Feet [0.00 Square Inches]
124 direct lights
0


ConVarRef nmrih_ssao_blursharpness doesn't point to an existing ConVar
materialPath: E:\Games\GamesInstall\SteamLibrary\SteamApps\common\nmrih\nmrih\materials
Loading E:\Games\GamesInstall\SteamLibrary\SteamApps\common\nmrih\bin\DynEnter\vmfoutput\the_library2.vmf
Map revision 69
ConVarRef mat_reduceparticles doesn't point to an existing ConVar
Could not locate 'GameData' key in e:\games\gamesinstall\steamlibrary\steamapps\common\nmrih\nmrih\gameinfo.txt
fixing up env_cubemap materials on brush sides...
0...1...2...3...4...5...6...7...8...9...10**** leaked ****
Entity light (-64.00 1184.00 240.00) leaked!
--- MAP LEAKED ---



12 threads
reading e:\games\gamesinstall\steamlibrary\steamapps\common\nmrih\bin\dynenter\vmfoutput\the_library2.bsp
reading e:\games\gamesinstall\steamlibrary\steamapps\common\nmrih\bin\dynenter\vmfoutput\the_library2.prt
LoadPortals: couldn't read e:\games\gamesinstall\steamlibrary\steamapps\common\nmrih\bin\dynenter\vmfoutput\the_library2.prt



materialPath: E:\Games\GamesInstall\SteamLibrary\SteamApps\common\nmrih\nmrih\materials
Loading E:\Games\GamesInstall\SteamLibrary\SteamApps\common\nmrih\bin\DynEnter/vmfoutput/the_library2.vmf
ConVarRef mat_reduceparticles doesn't point to an existing ConVar
Could not locate 'GameData' key in e:\games\gamesinstall\steamlibrary\steamapps\common\nmrih\nmrih\gameinfo.txt
fixing up env_cubemap materials on brush sides...
0...1...2...3...4...5...6...7...8...9...10**** leaked ****
Entity light (-64.00 1184.00 240.00) leaked!

FindPortalSide: Couldn't find a good match for which brush to assign to a portal near (1024.0 2256.0 -648.0)
Leaf 0 contents: CONTENTS_SOLID 
Leaf 1 contents: 
viscontents (node 0 contents ^ node 1 contents): CONTENTS_SOLID 
This means that none of the brushes in leaf 0 or 1 that touches the portal has CONTENTS_SOLID 
Check for a huge brush enclosing the coordinates above that has contents CONTENTS_SOLID 
Candidate brush IDs: 


FindPortalSide: Couldn't find a good match for which brush to assign to a portal near (1024.0 2256.0 848.0)
Leaf 0 contents: CONTENTS_SOLID 
Leaf 1 contents: 
viscontents (node 0 contents ^ node 1 contents): CONTENTS_SOLID 
This means that none of the brushes in leaf 0 or 1 that touches the portal has CONTENTS_SOLID 
Check for a huge brush enclosing the coordinates above that has contents CONTENTS_SOLID 
Candidate brush IDs: 


FindPortalSide: Couldn't find a good match for which brush to assign to a portal near (1024.0 2256.0 3288.0)
Leaf 0 contents: CONTENTS_SOLID 
Leaf 1 contents: 
viscontents (node 0 contents ^ node 1 contents): CONTENTS_SOLID 
This means that none of the brushes in leaf 0 or 1 that touches the portal has CONTENTS_SOLID 
Check for a huge brush enclosing the coordinates above that has contents CONTENTS_SOLID 
Candidate brush IDs: 


FindPortalSide: Couldn't find a good match for which brush to assign to a portal near (1024.0 2768.0 1792.0)
Leaf 0 contents: CONTENTS_SOLID 
Leaf 1 contents: 
viscontents (node 0 contents ^ node 1 contents): CONTENTS_SOLID 
This means that none of the brushes in leaf 0 or 1 that touches the portal has CONTENTS_SOLID 
Check for a huge brush enclosing the coordinates above that has contents CONTENTS_SOLID 
Candidate brush IDs: 


FindPortalSide: Couldn't find a good match for which brush to assign to a portal near (2048.0 2560.0 1792.0)
Leaf 0 contents: 
Leaf 1 contents: CONTENTS_SOLID 
viscontents (node 0 contents ^ node 1 contents): CONTENTS_SOLID 
This means that none of the brushes in leaf 0 or 1 that touches the portal has CONTENTS_SOLID 
Check for a huge brush enclosing the coordinates above that has contents CONTENTS_SOLID 
Candidate brush IDs: 


FindPortalSide: Couldn't find a good match for which brush to assign to a portal near (1536.0 3072.0 1792.0)
Leaf 0 contents: 
Leaf 1 contents: CONTENTS_SOLID 
viscontents (node 0 contents ^ node 1 contents): CONTENTS_SOLID 
This means that none of the brushes in leaf 0 or 1 that touches the portal has CONTENTS_SOLID 
Check for a huge brush enclosing the coordinates above that has contents CONTENTS_SOLID 
Candidate brush IDs: 


FindPortalSide: Couldn't find a good match for which brush to assign to a portal near (1024.0 1536.0 1792.0)
Leaf 0 contents: CONTENTS_SOLID 
Leaf 1 contents: 
viscontents (node 0 contents ^ node 1 contents): CONTENTS_SOLID 
This means that none of the brushes in leaf 0 or 1 that touches the portal has CONTENTS_SOLID 
Check for a huge brush enclosing the coordinates above that has contents CONTENTS_SOLID 
Candidate brush IDs: 


FindPortalSide: Couldn't find a good match for which brush to assign to a portal near (2048.0 1536.0 1792.0)
Leaf 0 contents: 
Leaf 1 contents: CONTENTS_SOLID 
viscontents (node 0 contents ^ node 1 contents): CONTENTS_SOLID 
This means that none of the brushes in leaf 0 or 1 that touches the portal has CONTENTS_SOLID 
Check for a huge brush enclosing the coordinates above that has contents CONTENTS_SOLID 
Candidate brush IDs: 

*** Suppressing further FindPortalSide errors.... ***
Processing areas...done (0)
Building Faces...done (0)
Chop Details...done (0)
Find Visible Detail Sides...
Merged 168 detail faces...done (0)
Merging details...done (0)
FixTjuncs...
PruneNodes...
WriteBSP...
done (0)
Creating default LDR cubemaps for env_cubemap using skybox materials:
   skybox/sky_day01_01*.vmt
 ! Run buildcubemaps in the engine to get the correct cube maps.
Creating default HDR cubemaps for env_cubemap using skybox materials:
   skybox/sky_day01_01*.vmt
 ! Run buildcubemaps in the engine to get the correct cube maps.
Finding displacement neighbors...
Finding lightmap sample positions...
Displacement Alpha : 0...1...2...3...4...5...6...7...8...9...10
Building Physics collision data...
done (0) (415733 bytes)
Placing detail props : 0...1...2...3...4...5...6...7...8...9...10
Compacting texture/material tables...
Reduced 1753 texinfos to 1607
Reduced 34 texdatas to 32 (979 bytes to 922)
Writing E:\Games\GamesInstall\SteamLibrary\SteamApps\common\nmrih\bin\DynEnter/vmfoutput/the_library2.bsp
Wrote ZIP buffer, estimated size 212733, actual size 211983
0 seconds elapsed



12 threads
reading e:\games\gamesinstall\steamlibrary\steamapps\common\nmrih\bin\dynenter\vmfoutput\the_library2.bsp
reading e:\games\gamesinstall\steamlibrary\steamapps\common\nmrih\bin\dynenter\vmfoutput\the_library2.prt
LoadPortals: couldn't read e:\games\gamesinstall\steamlibrary\steamapps\common\nmrih\bin\dynenter\vmfoutput\the_library2.prt



[Reading texlights from 'lights.rad']
[52 texlights parsed from 'lights.rad']

Loading e:\games\gamesinstall\steamlibrary\steamapps\common\nmrih\bin\dynenter\vmfoutput\the_library2.bsp
Error! Unable to load file "models/de_cistern/props/crane_pipes.dx80.vtx"
No vis information, direct lighting only.
7946 faces
1 degenerate faces
2449820 square feet [352774176.00 square inches]
0 Displacements
0 Square Feet [0.00 Square Inches]
124 direct lights
0...1...2...3...4...5...6...7...8...9...10Build Patch/Sample Hash Table(s).....Done<0.0087 sec>
0...1...2...3...4...5...6...7...8...9...10FinalLightFace Done
0 of 0 (0% of) surface lights went in leaf ambient cubes.
0...1...2...3...4...5...6...7...8...9...10Writing leaf ambient...done
Ready to Finish

Object names       Objects/Maxobjs  Memory / Maxmem  Fullness 
------------       ---------------  ---------------  -------- 
models                   3/1024          144/49152    ( 0.3%) 
brushes                937/8192        11244/98304    (11.4%) 
brushsides           12209/65536       97672/524288   (18.6%) 
planes               10762/65536      215240/1310720  (16.4%) 
vertexes             10819/65536      129828/786432   (16.5%) 
nodes                 4157/65536      133024/2097152  ( 6.3%) 
texinfos              1607/12288      115704/884736   (13.1%) 
texdata                 32/2048         1024/65536    ( 1.6%) 
dispinfos                0/0               0/0        ( 0.0%) 
disp_verts               0/0               0/0        ( 0.0%) 
disp_tris                0/0               0/0        ( 0.0%) 
disp_lmsamples           0/0               0/0        ( 0.0%) 
faces                 7946/65536      444976/3670016  (12.1%) 
hdr faces                0/65536           0/3670016  ( 0.0%) 
origfaces             4519/65536      253064/3670016  ( 6.9%) 
leaves                4161/65536      133152/2097152  ( 6.3%) 
leaffaces             9642/65536       19284/131072   (14.7%) 
leafbrushes           2559/65536        5118/131072   ( 3.9%) 
areas                    3/256            24/2048     ( 1.2%) 
surfedges            56246/512000     224984/2048000  (11.0%) 
edges                29954/256000     119816/1024000  (11.7%) 
LDR worldlights        124/8192        10912/720896   ( 1.5%) 
HDR worldlights          0/8192            0/720896   ( 0.0%) 
leafwaterdata            0/32768           0/393216   ( 0.0%) 
waterstrips            649/32768        6490/327680   ( 2.0%) 
waterverts               0/65536           0/786432   ( 0.0%) 
waterindices         10266/65536       20532/131072   (15.7%) 
cubemapsamples           1/1024           16/16384    ( 0.1%) 
overlays                 0/512             0/180224   ( 0.0%) 
LDR lightdata         [variable]     3005144/0        ( 0.0%) 
HDR lightdata         [variable]           0/0        ( 0.0%) 
visdata               [variable]           0/16777216 ( 0.0%) 
entdata               [variable]       42603/393216   (10.8%) 
LDR ambient table     4161/65536       16644/262144   ( 6.3%) 
HDR ambient table     4161/65536       16644/262144   ( 6.3%) 
LDR leaf ambient     13957/65536      390796/1835008  (21.3%) 
HDR leaf ambient      4161/65536      116508/1835008  ( 6.3%) 
occluders                0/0               0/0        ( 0.0%) 
occluder polygons        0/0               0/0        ( 0.0%) 
occluder vert ind        0/0               0/0        ( 0.0%) 
detail props          [variable]           1/12       ( 8.3%) 
static props          [variable]           1/790      ( 0.1%) 
pakfile               [variable]      211983/0        ( 0.0%) 
physics               [variable]      415733/4194304  ( 9.9%) 
physics terrain       [variable]           2/1048576  ( 0.0%) 

Level flags = 0

Total triangle count: 21492
Writing e:\games\gamesinstall\steamlibrary\steamapps\common\nmrih\bin\dynenter\vmfoutput\the_library2.bsp
1 minute, 4 seconds elapsed



[Reading texlights from 'lights.rad']
[52 texlights parsed from 'lights.rad']

Loading e:\games\gamesinstall\steamlibrary\steamapps\common\nmrih\bin\dynenter\vmfoutput\the_library2.bsp
Error! Unable to load file "models/de_cistern/props/crane_pipes.dx80.vtx"
No vis information, direct lighting only.
7946 faces
1 degenerate faces
2449820 square feet [352774176.00 square inches]
0 Displacements
0 Square Feet [0.00 Square Inches]
124 direct lights
0...1...2...3...4...5...6...7...8...9...10Build Patch/Sample Hash Table(s).....Done<0.0081 sec>
0...1...2...3...4...5...6...7...8...9...10FinalLightFace Done
0 of 0 (0% of) surface lights went in leaf ambient cubes.
0...1...2...3...4...5...6...7...8...9...10Writing leaf ambient...done
Ready to Finish

Object names       Objects/Maxobjs  Memory / Maxmem  Fullness 
------------       ---------------  ---------------  -------- 
models                   3/1024          144/49152    ( 0.3%) 
brushes                937/8192        11244/98304    (11.4%) 
brushsides           12209/65536       97672/524288   (18.6%) 
planes               10762/65536      215240/1310720  (16.4%) 
vertexes             10819/65536      129828/786432   (16.5%) 
nodes                 4157/65536      133024/2097152  ( 6.3%) 
texinfos              1607/12288      115704/884736   (13.1%) 
texdata                 32/2048         1024/65536    ( 1.6%) 
dispinfos                0/0               0/0        ( 0.0%) 
disp_verts               0/0               0/0        ( 0.0%) 
disp_tris                0/0               0/0        ( 0.0%) 
disp_lmsamples           0/0               0/0        ( 0.0%) 
faces                 7946/65536      444976/3670016  (12.1%) 
hdr faces             7946/65536      444976/3670016  (12.1%) 
origfaces             4519/65536      253064/3670016  ( 6.9%) 
leaves                4161/65536      133152/2097152  ( 6.3%) 
leaffaces             9642/65536       19284/131072   (14.7%) 
leafbrushes           2559/65536        5118/131072   ( 3.9%) 
areas                    3/256            24/2048     ( 1.2%) 
surfedges            56246/512000     224984/2048000  (11.0%) 
edges                29954/256000     119816/1024000  (11.7%) 
LDR worldlights        124/8192        10912/720896   ( 1.5%) 
HDR worldlights        124/8192        10912/720896   ( 1.5%) 
leafwaterdata            0/32768           0/393216   ( 0.0%) 
waterstrips            649/32768        6490/327680   ( 2.0%) 
waterverts               0/65536           0/786432   ( 0.0%) 
waterindices         10266/65536       20532/131072   (15.7%) 
cubemapsamples           1/1024           16/16384    ( 0.1%) 
overlays                 0/512             0/180224   ( 0.0%) 
LDR lightdata         [variable]     3005144/0        ( 0.0%) 
HDR lightdata         [variable]     3005144/0        ( 0.0%) 
visdata               [variable]           0/16777216 ( 0.0%) 
entdata               [variable]       42603/393216   (10.8%) 
LDR ambient table     4161/65536       16644/262144   ( 6.3%) 
HDR ambient table     4161/65536       16644/262144   ( 6.3%) 
LDR leaf ambient     13957/65536      390796/1835008  (21.3%) 
HDR leaf ambient     13782/65536      385896/1835008  (21.0%) 
occluders                0/0               0/0        ( 0.0%) 
occluder polygons        0/0               0/0        ( 0.0%) 
occluder vert ind        0/0               0/0        ( 0.0%) 
detail props          [variable]           1/12       ( 8.3%) 
static props          [variable]           1/790      ( 0.1%) 
pakfile               [variable]      211983/0        ( 0.0%) 
physics               [variable]      415733/4194304  ( 9.9%) 
physics terrain       [variable]           2/1048576  ( 0.0%) 

Level flags = 0

Total triangle count: 21492
Writing e:\games\gamesinstall\steamlibrary\steamapps\common\nmrih\bin\dynenter\vmfoutput\the_library2.bsp
1 minute, 3 seconds elapsed



ConVarRef nmrih_ssao_blursharpness doesn't point to an existing ConVar
materialPath: E:\Games\GamesInstall\SteamLibrary\SteamApps\common\nmrih\nmrih\materials
Loading E:\Games\GamesInstall\SteamLibrary\SteamApps\common\nmrih\bin\DynEnter\vmfoutput\the_library2.vmf
Map revision 73
ConVarRef mat_reduceparticles doesn't point to an existing ConVar
Could not locate 'GameData' key in e:\games\gamesinstall\steamlibrary\steamapps\common\nmrih\nmrih\gameinfo.txt
fixing up env_cubemap materials on brush sides...
0...1...2...3...4...5...6...7...8...9...100...1...2...3...4...5...6...7...8...9...10Processing areas...done (0)
Building Faces...done (0)
Chop Details...done (0)
Find Visible Detail Sides...
Merged 160 detail faces...done (0)
Merging details...done (0)
FixTjuncs...
PruneNodes...
WriteBSP...
done (0)
writing E:\Games\GamesInstall\SteamLibrary\SteamApps\common\nmrih\bin\DynEnter\vmfoutput\the_library2.prt...Building visibility clusters...
done (0)
Finding displacement neighbors...
Finding lightmap sample positions...
Displacement Alpha : 0...1...2...3...4...5...6...7...8...9...10
Building Physics collision data...
done (0) (415733 bytes)
Placing detail props : 0...1...2...3...4...5...6...7...8...9...10
Compacting texture/material tables...
Reduced 1753 texinfos to 1585
Reduced 34 texdatas to 31 (979 bytes to 899)
Writing E:\Games\GamesInstall\SteamLibrary\SteamApps\common\nmrih\bin\DynEnter\vmfoutput\the_library2.bsp
Wrote ZIP buffer, estimated size 174891, actual size 174141
0 seconds elapsed



12 threads
reading e:\games\gamesinstall\steamlibrary\steamapps\common\nmrih\bin\dynenter\vmfoutput\the_library2.bsp
reading e:\games\gamesinstall\steamlibrary\steamapps\common\nmrih\bin\dynenter\vmfoutput\the_library2.prt
 130 portalclusters
 380 numportals
0...1...2...3...4...5...6...7...8...9...100...1...2...3...4...5...6...7...8...9...10Optimized: 17 visible clusters (0.16%)
Total clusters visible: 10891
Average clusters visible: 83
Building PAS...
Average clusters audible: 125
visdatasize:5279  compressed from 6240
writing e:\games\gamesinstall\steamlibrary\steamapps\common\nmrih\bin\dynenter\vmfoutput\the_library2.bsp
0 seconds elapsed



ConVarRef nmrih_ssao_blursharpness doesn't point to an existing ConVar
materialPath: E:\Games\GamesInstall\SteamLibrary\SteamApps\common\nmrih\nmrih\materials
Loading E:\Games\GamesInstall\SteamLibrary\SteamApps\common\nmrih\bin\DynEnter\vmfoutput\the_library2.vmf
Map revision 73
ConVarRef mat_reduceparticles doesn't point to an existing ConVar
Could not locate 'GameData' key in e:\games\gamesinstall\steamlibrary\steamapps\common\nmrih\nmrih\gameinfo.txt
fixing up env_cubemap materials on brush sides...
0...1...2...3...4...5...6...7...8...9...100...1...2...3...4...5...6...7...8...9...10Processing areas...done (0)
Building Faces...done (0)
Chop Details...done (0)
Find Visible Detail Sides...
Merged 160 detail faces...done (0)
Merging details...done (0)
FixTjuncs...
PruneNodes...
WriteBSP...
done (0)
writing E:\Games\GamesInstall\SteamLibrary\SteamApps\common\nmrih\bin\DynEnter\vmfoutput\the_library2.prt...Building visibility clusters...
done (0)
Finding displacement neighbors...
Finding lightmap sample positions...
Displacement Alpha : 0...1...2...3...4...5...6...7...8...9...10
Building Physics collision data...
done (0) (415733 bytes)
Placing detail props : 0...1...2...3...4...5...6...7...8...9...10
Compacting texture/material tables...
Reduced 1753 texinfos to 1585
Reduced 34 texdatas to 31 (979 bytes to 899)
Writing E:\Games\GamesInstall\SteamLibrary\SteamApps\common\nmrih\bin\DynEnter\vmfoutput\the_library2.bsp
Wrote ZIP buffer, estimated size 174891, actual size 174141
0 seconds elapsed



12 threads
reading e:\games\gamesinstall\steamlibrary\steamapps\common\nmrih\bin\dynenter\vmfoutput\the_library2.bsp
reading e:\games\gamesinstall\steamlibrary\steamapps\common\nmrih\bin\dynenter\vmfoutput\the_library2.prt
 130 portalclusters
 380 numportals
0...1...2...3...4...5...6...7...8...9...100...1...2...3...4...5...6...7...8...9...10Optimized: 17 visible clusters (0.00%)
Total clusters visible: 10891
Average clusters visible: 83
Building PAS...
Average clusters audible: 125
visdatasize:5279  compressed from 6240
writing e:\games\gamesinstall\steamlibrary\steamapps\common\nmrih\bin\dynenter\vmfoutput\the_library2.bsp
0 seconds elapsed



[Reading texlights from 'lights.rad']
[49 texlights parsed from 'lights.rad']

Loading e:\games\gamesinstall\steamlibrary\steamapps\common\nmrih\bin\dynenter\vmfoutput\the_library2.bsp
7286 faces
2 degenerate faces
1264208 square feet [182046032.00 square inches]
0 Displacements
0 Square Feet [0.00 Square Inches]
7284 patches before subdivision
59352 patches after subdivision
124 direct lights
0...1...2...3...4...5...6...7...8...9...100...1...2...3...4...5...6...7...8...9...10transfers 8262305, max 1772
transfer lists:  63.0 megs
0...1...2...3...4...5...6...7...8...9...10	Bounce #1 added RGB(11902, 11609, 11815)
0...1...2...3...4...5...6...7...8...9...10	Bounce #2 added RGB(2046, 1906, 1504)
0...1...2...3...4...5...6...7...8...9...10	Bounce #3 added RGB(403, 351, 232)
0...1...2...3...4...5...6...7...8...9...10	Bounce #4 added RGB(85, 69, 40)
0...1...2...3...4...5...6...7...8...9...10	Bounce #5 added RGB(18, 14, 7)
0...1...2...3...4...5...6...7...8...9...10	Bounce #6 added RGB(4, 3, 1)
0...1...2...3...4...5...6...7...8...9...10	Bounce #7 added RGB(1, 1, 0)
Build Patch/Sample Hash Table(s).....Done<0.0083 sec>
0...1...2...3...4...5...6...7...8...9...10FinalLightFace Done
0 of 0 (0% of) surface lights went in leaf ambient cubes.
0...1...2...3...4...5...6...7...8...9...10Writing leaf ambient...done
Computing static prop lighting : 00...1...2...3...4...5...6...7...8...9...10
Ready to Finish

Object names       Objects/Maxobjs  Memory / Maxmem  Fullness 
------------       ---------------  ---------------  -------- 
models                   3/4096          144/196608   ( 0.1%) 
brushes                937/32768       11244/393216   ( 2.9%) 
brushsides           12209/65536       97672/524288   (18.6%) 
planes               10762/65536      215240/1310720  (16.4%) 
vertexes             10137/65536      121644/786432   (15.5%) 
nodes                 3173/65536      101536/2097152  ( 4.8%) 
texinfos              1585/12288      114120/884736   (12.9%) 
texdata                 31/2048          992/65536    ( 1.5%) 
dispinfos                0/0               0/0        ( 0.0%) 
disp_verts               0/0               0/0        ( 0.0%) 
disp_tris                0/0               0/0        ( 0.0%) 
disp_lmsamples           0/0               0/0        ( 0.0%) 
faces                 7286/65536      408016/3670016  (11.1%) 
hdr faces                0/65536           0/3670016  ( 0.0%) 
origfaces             4386/65536      245616/3670016  ( 6.7%) 
leaves                3177/65536      101664/2097152  ( 4.8%) 
leaffaces             8767/65536       17534/131072   (13.4%) 
leafbrushes           2375/65536        4750/131072   ( 3.6%) 
areas                    3/1024           24/8192     ( 0.3%) 
surfedges            52764/512000     211056/2048000  (10.3%) 
edges                28193/256000     112772/1024000  (11.0%) 
LDR worldlights        124/16384       10912/1441792  ( 0.8%) 
HDR worldlights          0/16384           0/1441792  ( 0.0%) 
leafwaterdata            0/32768           0/393216   ( 0.0%) 
waterstrips            618/131072       6180/1310720  ( 0.5%) 
waterverts               0/131072          0/1572864  ( 0.0%) 
waterindices          9750/131072      19500/262144   ( 7.4%) 
cubemapsamples           1/1024           16/16384    ( 0.1%) 
overlays                 0/1024            0/360448   ( 0.0%) 
LDR lightdata         [variable]     2333524/0        ( 0.0%) 
HDR lightdata         [variable]           0/0        ( 0.0%) 
visdata               [variable]        5279/16777216 ( 0.0%) 
entdata               [variable]       42603/393216   (10.8%) 
LDR ambient table     3177/65536       12708/262144   ( 4.8%) 
HDR ambient table     3177/65536       12708/262144   ( 4.8%) 
LDR leaf ambient      9177/65536      256956/1835008  (14.0%) 
HDR leaf ambient      3177/65536       88956/1835008  ( 4.8%) 
occluders                0/0               0/0        ( 0.0%) 
occluder polygons        0/0               0/0        ( 0.0%) 
occluder vert ind        0/0               0/0        ( 0.0%) 
detail props          [variable]           1/12       ( 8.3%) 
static props          [variable]           1/790      ( 0.1%) 
pakfile               [variable]      187073/0        ( 0.0%) 
physics               [variable]      415733/4194304  ( 9.9%) 
physics terrain       [variable]           2/1048576  ( 0.0%) 

Level flags = 1

Total triangle count: 19872
Writing e:\games\gamesinstall\steamlibrary\steamapps\common\nmrih\bin\dynenter\vmfoutput\the_library2.bsp
28 seconds elapsed



[Reading texlights from 'lights.rad']
[49 texlights parsed from 'lights.rad']

Loading e:\games\gamesinstall\steamlibrary\steamapps\common\nmrih\bin\dynenter\vmfoutput\the_library2.bsp
7286 faces
2 degenerate faces
1264208 square feet [182046032.00 square inches]
0 Displacements
0 Square Feet [0.00 Square Inches]
7284 patches before subdivision
59352 patches after subdivision
124 direct lights
0...1...2...3...4...5...6...7...8...9...100...1...2...3...4...5...6...7...8...9...10transfers 8262305, max 1772
transfer lists:  63.0 megs
0...1...2...3...4...5...6...7...8...9...10	Bounce #1 added RGB(9320, 10288, 10664)
0...1...2...3...4...5...6...7...8...9...10	Bounce #2 added RGB(1583, 1706, 1408)
0...1...2...3...4...5...6...7...8...9...10	Bounce #3 added RGB(311, 316, 222)
0...1...2...3...4...5...6...7...8...9...10	Bounce #4 added RGB(66, 62, 39)
0...1...2...3...4...5...6...7...8...9...10	Bounce #5 added RGB(14, 12, 7)
0...1...2...3...4...5...6...7...8...9...10	Bounce #6 added RGB(3, 3, 1)
0...1...2...3...4...5...6...7...8...9...10	Bounce #7 added RGB(1, 1, 0)
Build Patch/Sample Hash Table(s).....Done<0.0081 sec>
0...1...2...3...4...5...6...7...8...9...10FinalLightFace Done
0 of 0 (0% of) surface lights went in leaf ambient cubes.
0...1...2...3...4...5...6...7...8...9...10Writing leaf ambient...done
Computing static prop lighting : 00...1...2...3...4...5...6...7...8...9...10
Ready to Finish

Object names       Objects/Maxobjs  Memory / Maxmem  Fullness 
------------       ---------------  ---------------  -------- 
models                   3/4096          144/196608   ( 0.1%) 
brushes                937/32768       11244/393216   ( 2.9%) 
brushsides           12209/65536       97672/524288   (18.6%) 
planes               10762/65536      215240/1310720  (16.4%) 
vertexes             10137/65536      121644/786432   (15.5%) 
nodes                 3173/65536      101536/2097152  ( 4.8%) 
texinfos              1585/12288      114120/884736   (12.9%) 
texdata                 31/2048          992/65536    ( 1.5%) 
dispinfos                0/0               0/0        ( 0.0%) 
disp_verts               0/0               0/0        ( 0.0%) 
disp_tris                0/0               0/0        ( 0.0%) 
disp_lmsamples           0/0               0/0        ( 0.0%) 
faces                 7286/65536      408016/3670016  (11.1%) 
hdr faces             7286/65536      408016/3670016  (11.1%) 
origfaces             4386/65536      245616/3670016  ( 6.7%) 
leaves                3177/65536      101664/2097152  ( 4.8%) 
leaffaces             8767/65536       17534/131072   (13.4%) 
leafbrushes           2375/65536        4750/131072   ( 3.6%) 
areas                    3/1024           24/8192     ( 0.3%) 
surfedges            52764/512000     211056/2048000  (10.3%) 
edges                28193/256000     112772/1024000  (11.0%) 
LDR worldlights        124/16384       10912/1441792  ( 0.8%) 
HDR worldlights        124/16384       10912/1441792  ( 0.8%) 
leafwaterdata            0/32768           0/393216   ( 0.0%) 
waterstrips            618/131072       6180/1310720  ( 0.5%) 
waterverts               0/131072          0/1572864  ( 0.0%) 
waterindices          9750/131072      19500/262144   ( 7.4%) 
cubemapsamples           1/1024           16/16384    ( 0.1%) 
overlays                 0/1024            0/360448   ( 0.0%) 
LDR lightdata         [variable]     2333524/0        ( 0.0%) 
HDR lightdata         [variable]     2333524/0        ( 0.0%) 
visdata               [variable]        5279/16777216 ( 0.0%) 
entdata               [variable]       42603/393216   (10.8%) 
LDR ambient table     3177/65536       12708/262144   ( 4.8%) 
HDR ambient table     3177/65536       12708/262144   ( 4.8%) 
LDR leaf ambient      9177/65536      256956/1835008  (14.0%) 
HDR leaf ambient      9018/65536      252504/1835008  (13.8%) 
occluders                0/0               0/0        ( 0.0%) 
occluder polygons        0/0               0/0        ( 0.0%) 
occluder vert ind        0/0               0/0        ( 0.0%) 
detail props          [variable]           1/12       ( 8.3%) 
static props          [variable]           1/790      ( 0.1%) 
pakfile               [variable]      200061/0        ( 0.0%) 
physics               [variable]      415733/4194304  ( 9.9%) 
physics terrain       [variable]           2/1048576  ( 0.0%) 

Level flags = 3

Total triangle count: 19872
Writing e:\games\gamesinstall\steamlibrary\steamapps\common\nmrih\bin\dynenter\vmfoutput\the_library2.bsp
27 seconds elapsed



ConVarRef nmrih_ssao_blursharpness doesn't point to an existing ConVar
materialPath: E:\Games\GamesInstall\SteamLibrary\SteamApps\common\nmrih\nmrih\materials
Loading E:\Games\GamesInstall\SteamLibrary\SteamApps\common\nmrih\bin\DynEnter\vmfoutput\the_library2.vmf
Map revision 73
ConVarRef mat_reduceparticles doesn't point to an existing ConVar
Could not locate 'GameData' key in e:\games\gamesinstall\steamlibrary\steamapps\common\nmrih\nmrih\gameinfo.txt
fixing up env_cubemap materials on brush sides...
0...1...2...3...4...5...6...7...8...9...100...1...2...3...4...5...6...7...8...9...10Processing areas...done (0)
Building Faces...done (0)
Chop Details...done (0)
Find Visible Detail Sides...
Merged 160 detail faces...done (0)
Merging details...done (0)
FixTjuncs...
PruneNodes...
WriteBSP...
done (0)
writing E:\Games\GamesInstall\SteamLibrary\SteamApps\common\nmrih\bin\DynEnter\vmfoutput\the_library2.prt...Building visibility clusters...
done (0)
Finding displacement neighbors...
Finding lightmap sample positions...
Displacement Alpha : 0...1...2...3...4...5...6...7...8...9...10
Building Physics collision data...
done (0) (415733 bytes)
Placing detail props : 0...1...2...3...4...5...6...7...8...9...10
Compacting texture/material tables...
Reduced 1753 texinfos to 1585
Reduced 34 texdatas to 31 (979 bytes to 899)
Writing E:\Games\GamesInstall\SteamLibrary\SteamApps\common\nmrih\bin\DynEnter\vmfoutput\the_library2.bsp
Wrote ZIP buffer, estimated size 174891, actual size 174141
0 seconds elapsed



12 threads
reading e:\games\gamesinstall\steamlibrary\steamapps\common\nmrih\bin\dynenter\vmfoutput\the_library2.bsp
reading e:\games\gamesinstall\steamlibrary\steamapps\common\nmrih\bin\dynenter\vmfoutput\the_library2.prt
 130 portalclusters
 380 numportals
0...1...2...3...4...5...6...7...8...9...100...1...2...3...4...5...6...7...8...9...10Optimized: 17 visible clusters (0.00%)
Total clusters visible: 10891
Average clusters visible: 83
Building PAS...
Average clusters audible: 125
visdatasize:5279  compressed from 6240
writing e:\games\gamesinstall\steamlibrary\steamapps\common\nmrih\bin\dynenter\vmfoutput\the_library2.bsp
0 seconds elapsed



[Reading texlights from 'lights.rad']
[49 texlights parsed from 'lights.rad']

Loading e:\games\gamesinstall\steamlibrary\steamapps\common\nmrih\bin\dynenter\vmfoutput\the_library2.bsp
7286 faces
2 degenerate faces
1264208 square feet [182046032.00 square inches]
0 Displacements
0 Square Feet [0.00 Square Inches]
7284 patches before subdivision
59352 patches after subdivision
124 direct lights
0...1...2...3...4...5...6...7...8...9...100...1...2...3...4...5...6...7...8...9...10transfers 8262305, max 1772
transfer lists:  63.0 megs
0...1...2...3...4...5...6...7...8...9...10	Bounce #1 added RGB(11902, 11609, 11815)
0...1...2...3...4...5...6...7...8...9...10	Bounce #2 added RGB(2046, 1906, 1504)
0...1...2...3...4...5...6...7...8...9...10	Bounce #3 added RGB(403, 351, 232)
0...1...2...3...4...5...6...7...8...9...10	Bounce #4 added RGB(85, 69, 40)
0...1...2...3...4...5...6...7...8...9...10	Bounce #5 added RGB(18, 14, 7)
0...1...2...3...4...5...6...7...8...9...10	Bounce #6 added RGB(4, 3, 1)
0...1...2...3...4...5...6...7...8...9...10	Bounce #7 added RGB(1, 1, 0)
Build Patch/Sample Hash Table(s).....Done<0.0085 sec>
0...1...2...3...4...5...6...7...8...9...10FinalLightFace Done
0 of 0 (0% of) surface lights went in leaf ambient cubes.
0...1...2...3...4...5...6...7...8...9...10Writing leaf ambient...done
Computing static prop lighting : 00...1...2...3...4...5...6...7...8...9...10
Ready to Finish

Object names       Objects/Maxobjs  Memory / Maxmem  Fullness 
------------       ---------------  ---------------  -------- 
models                   3/4096          144/196608   ( 0.1%) 
brushes                937/32768       11244/393216   ( 2.9%) 
brushsides           12209/65536       97672/524288   (18.6%) 
planes               10762/65536      215240/1310720  (16.4%) 
vertexes             10137/65536      121644/786432   (15.5%) 
nodes                 3173/65536      101536/2097152  ( 4.8%) 
texinfos              1585/12288      114120/884736   (12.9%) 
texdata                 31/2048          992/65536    ( 1.5%) 
dispinfos                0/0               0/0        ( 0.0%) 
disp_verts               0/0               0/0        ( 0.0%) 
disp_tris                0/0               0/0        ( 0.0%) 
disp_lmsamples           0/0               0/0        ( 0.0%) 
faces                 7286/65536      408016/3670016  (11.1%) 
hdr faces                0/65536           0/3670016  ( 0.0%) 
origfaces             4386/65536      245616/3670016  ( 6.7%) 
leaves                3177/65536      101664/2097152  ( 4.8%) 
leaffaces             8767/65536       17534/131072   (13.4%) 
leafbrushes           2375/65536        4750/131072   ( 3.6%) 
areas                    3/1024           24/8192     ( 0.3%) 
surfedges            52764/512000     211056/2048000  (10.3%) 
edges                28193/256000     112772/1024000  (11.0%) 
LDR worldlights        124/16384       10912/1441792  ( 0.8%) 
HDR worldlights          0/16384           0/1441792  ( 0.0%) 
leafwaterdata            0/32768           0/393216   ( 0.0%) 
waterstrips            618/131072       6180/1310720  ( 0.5%) 
waterverts               0/131072          0/1572864  ( 0.0%) 
waterindices          9750/131072      19500/262144   ( 7.4%) 
cubemapsamples           1/1024           16/16384    ( 0.1%) 
overlays                 0/1024            0/360448   ( 0.0%) 
LDR lightdata         [variable]     2333524/0        ( 0.0%) 
HDR lightdata         [variable]           0/0        ( 0.0%) 
visdata               [variable]        5279/16777216 ( 0.0%) 
entdata               [variable]       42603/393216   (10.8%) 
LDR ambient table     3177/65536       12708/262144   ( 4.8%) 
HDR ambient table     3177/65536       12708/262144   ( 4.8%) 
LDR leaf ambient      9177/65536      256956/1835008  (14.0%) 
HDR leaf ambient      3177/65536       88956/1835008  ( 4.8%) 
occluders                0/0               0/0        ( 0.0%) 
occluder polygons        0/0               0/0        ( 0.0%) 
occluder vert ind        0/0               0/0        ( 0.0%) 
detail props          [variable]           1/12       ( 8.3%) 
static props          [variable]           1/790      ( 0.1%) 
pakfile               [variable]      187073/0        ( 0.0%) 
physics               [variable]      415733/4194304  ( 9.9%) 
physics terrain       [variable]           2/1048576  ( 0.0%) 

Level flags = 1

Total triangle count: 19872
Writing e:\games\gamesinstall\steamlibrary\steamapps\common\nmrih\bin\dynenter\vmfoutput\the_library2.bsp
28 seconds elapsed



[Reading texlights from 'lights.rad']
[49 texlights parsed from 'lights.rad']

Loading e:\games\gamesinstall\steamlibrary\steamapps\common\nmrih\bin\dynenter\vmfoutput\the_library2.bsp
7286 faces
2 degenerate faces
1264208 square feet [182046032.00 square inches]
0 Displacements
0 Square Feet [0.00 Square Inches]
7284 patches before subdivision
59352 patches after subdivision
124 direct lights
0...1...2...3...4...5...6...7...8...9...100...1...2...3...4...5...6...7...8...9...10transfers 8262305, max 1772
transfer lists:  63.0 megs
0...1...2...3...4...5...6...7...8...9...10	Bounce #1 added RGB(9320, 10288, 10664)
0...1...2...3...4...5...6...7...8...9...10	Bounce #2 added RGB(1583, 1706, 1408)
0...1...2...3...4...5...6...7...8...9...10	Bounce #3 added RGB(311, 316, 222)
0...1...2...3...4...5...6...7...8...9...10	Bounce #4 added RGB(66, 62, 39)
0...1...2...3...4...5...6...7...8...9...10	Bounce #5 added RGB(14, 12, 7)
0...1...2...3...4...5...6...7...8...9...10	Bounce #6 added RGB(3, 3, 1)
0...1...2...3...4...5...6...7...8...9...10	Bounce #7 added RGB(1, 1, 0)
Build Patch/Sample Hash Table(s).....Done<0.0086 sec>
0...1...2...3...4...5...6...7...8...9...10FinalLightFace Done
0 of 0 (0% of) surface lights went in leaf ambient cubes.
0...1...2...3...4...5...6...7...8...9...10Writing leaf ambient...done
Computing static prop lighting : 00...1...2...3...4...5...6...7...8...9...10
Ready to Finish

Object names       Objects/Maxobjs  Memory / Maxmem  Fullness 
------------       ---------------  ---------------  -------- 
models                   3/4096          144/196608   ( 0.1%) 
brushes                937/32768       11244/393216   ( 2.9%) 
brushsides           12209/65536       97672/524288   (18.6%) 
planes               10762/65536      215240/1310720  (16.4%) 
vertexes             10137/65536      121644/786432   (15.5%) 
nodes                 3173/65536      101536/2097152  ( 4.8%) 
texinfos              1585/12288      114120/884736   (12.9%) 
texdata                 31/2048          992/65536    ( 1.5%) 
dispinfos                0/0               0/0        ( 0.0%) 
disp_verts               0/0               0/0        ( 0.0%) 
disp_tris                0/0               0/0        ( 0.0%) 
disp_lmsamples           0/0               0/0        ( 0.0%) 
faces                 7286/65536      408016/3670016  (11.1%) 
hdr faces             7286/65536      408016/3670016  (11.1%) 
origfaces             4386/65536      245616/3670016  ( 6.7%) 
leaves                3177/65536      101664/2097152  ( 4.8%) 
leaffaces             8767/65536       17534/131072   (13.4%) 
leafbrushes           2375/65536        4750/131072   ( 3.6%) 
areas                    3/1024           24/8192     ( 0.3%) 
surfedges            52764/512000     211056/2048000  (10.3%) 
edges                28193/256000     112772/1024000  (11.0%) 
LDR worldlights        124/16384       10912/1441792  ( 0.8%) 
HDR worldlights        124/16384       10912/1441792  ( 0.8%) 
leafwaterdata            0/32768           0/393216   ( 0.0%) 
waterstrips            618/131072       6180/1310720  ( 0.5%) 
waterverts               0/131072          0/1572864  ( 0.0%) 
waterindices          9750/131072      19500/262144   ( 7.4%) 
cubemapsamples           1/1024           16/16384    ( 0.1%) 
overlays                 0/1024            0/360448   ( 0.0%) 
LDR lightdata         [variable]     2333524/0        ( 0.0%) 
HDR lightdata         [variable]     2333524/0        ( 0.0%) 
visdata               [variable]        5279/16777216 ( 0.0%) 
entdata               [variable]       42603/393216   (10.8%) 
LDR ambient table     3177/65536       12708/262144   ( 4.8%) 
HDR ambient table     3177/65536       12708/262144   ( 4.8%) 
LDR leaf ambient      9177/65536      256956/1835008  (14.0%) 
HDR leaf ambient      9018/65536      252504/1835008  (13.8%) 
occluders                0/0               0/0        ( 0.0%) 
occluder polygons        0/0               0/0        ( 0.0%) 
occluder vert ind        0/0               0/0        ( 0.0%) 
detail props          [variable]           1/12       ( 8.3%) 
static props          [variable]           1/790      ( 0.1%) 
pakfile               [variable]      200061/0        ( 0.0%) 
physics               [variable]      415733/4194304  ( 9.9%) 
physics terrain       [variable]           2/1048576  ( 0.0%) 

Level flags = 3

Total triangle count: 19872
Writing e:\games\gamesinstall\steamlibrary\steamapps\common\nmrih\bin\dynenter\vmfoutput\the_library2.bsp
28 seconds elapsed



ConVarRef nmrih_ssao_blursharpness doesn't point to an existing ConVar
materialPath: E:\Games\GamesInstall\SteamLibrary\SteamApps\common\nmrih\nmrih\materials
Loading E:\Games\GamesInstall\SteamLibrary\SteamApps\common\nmrih\bin\DynEnter\vmfoutput\the_library2.vmf
Map revision 73
ConVarRef mat_reduceparticles doesn't point to an existing ConVar
Could not locate 'GameData' key in e:\games\gamesinstall\steamlibrary\steamapps\common\nmrih\nmrih\gameinfo.txt
fixing up env_cubemap materials on brush sides...
0...1...2...3...4...5...6...7...8...9...100...1...2...3...4...5...6...7...8...9...10Processing areas...done (0)
Building Faces...done (0)
Chop Details...done (0)
Find Visible Detail Sides...
Merged 160 detail faces...done (0)
Merging details...done (0)
FixTjuncs...
PruneNodes...
WriteBSP...
done (0)
writing E:\Games\GamesInstall\SteamLibrary\SteamApps\common\nmrih\bin\DynEnter\vmfoutput\the_library2.prt...Building visibility clusters...
done (0)
Finding displacement neighbors...
Finding lightmap sample positions...
Displacement Alpha : 0...1...2...3...4...5...6...7...8...9...10
Building Physics collision data...
done (0) (415733 bytes)
Placing detail props : 0...1...2...3...4...5...6...7...8...9...10
Compacting texture/material tables...
Reduced 1753 texinfos to 1585
Reduced 34 texdatas to 31 (979 bytes to 899)
Writing E:\Games\GamesInstall\SteamLibrary\SteamApps\common\nmrih\bin\DynEnter\vmfoutput\the_library2.bsp
Wrote ZIP buffer, estimated size 174891, actual size 174141
0 seconds elapsed



12 threads
reading e:\games\gamesinstall\steamlibrary\steamapps\common\nmrih\bin\dynenter\vmfoutput\the_library2.bsp
reading e:\games\gamesinstall\steamlibrary\steamapps\common\nmrih\bin\dynenter\vmfoutput\the_library2.prt
 130 portalclusters
 380 numportals
0...1...2...3...4...5...6...7...8...9...100...1...2...3...4...5...6...7...8...9...10Optimized: 16 visible clusters (0.00%)
Total clusters visible: 10890
Average clusters visible: 83
Building PAS...
Average clusters audible: 125
visdatasize:5279  compressed from 6240
writing e:\games\gamesinstall\steamlibrary\steamapps\common\nmrih\bin\dynenter\vmfoutput\the_library2.bsp
0 seconds elapsed



[Reading texlights from 'lights.rad']
[49 texlights parsed from 'lights.rad']

Loading e:\games\gamesinstall\steamlibrary\steamapps\common\nmrih\bin\dynenter\vmfoutput\the_library2.bsp
7286 faces
2 degenerate faces
1264208 square feet [182046032.00 square inches]
0 Displacements
0 Square Feet [0.00 Square Inches]
7284 patches before subdivision
59352 patches after subdivision
124 direct lights
0...1...2...3...4...5...6...7...8...9...100...1...2...3...4...5...6...7...8...9...10transfers 8262305, max 1772
transfer lists:  63.0 megs
0...1...2...3...4...5...6...7...8...9...10	Bounce #1 added RGB(11902, 11609, 11815)
0...1...2...3...4...5...6...7...8...9...10	Bounce #2 added RGB(2046, 1906, 1504)
0...1...2...3...4...5...6...7...8...9...10	Bounce #3 added RGB(403, 351, 232)
0...1...2...3...4...5...6...7...8...9...10	Bounce #4 added RGB(85, 69, 40)
0...1...2...3...4...5...6...7...8...9...10	Bounce #5 added RGB(18, 14, 7)
0...1...2...3...4...5...6...7...8...9...10	Bounce #6 added RGB(4, 3, 1)
0...1...2...3...4...5...6...7...8...9...10	Bounce #7 added RGB(1, 1, 0)
Build Patch/Sample Hash Table(s).....Done<0.0078 sec>
0...1...2...3...4...5...6...7...8...9...10FinalLightFace Done
0 of 0 (0% of) surface lights went in leaf ambient cubes.
0...1...2...3...4...5...6...7...8...9...10Writing leaf ambient...done
Computing static prop lighting : 00...1...2...3...4...5...6...7...8...9...10
Ready to Finish

Object names       Objects/Maxobjs  Memory / Maxmem  Fullness 
------------       ---------------  ---------------  -------- 
models                   3/4096          144/196608   ( 0.1%) 
brushes                937/32768       11244/393216   ( 2.9%) 
brushsides           12209/65536       97672/524288   (18.6%) 
planes               10762/65536      215240/1310720  (16.4%) 
vertexes             10137/65536      121644/786432   (15.5%) 
nodes                 3173/65536      101536/2097152  ( 4.8%) 
texinfos              1585/12288      114120/884736   (12.9%) 
texdata                 31/2048          992/65536    ( 1.5%) 
dispinfos                0/0               0/0        ( 0.0%) 
disp_verts               0/0               0/0        ( 0.0%) 
disp_tris                0/0               0/0        ( 0.0%) 
disp_lmsamples           0/0               0/0        ( 0.0%) 
faces                 7286/65536      408016/3670016  (11.1%) 
hdr faces                0/65536           0/3670016  ( 0.0%) 
origfaces             4386/65536      245616/3670016  ( 6.7%) 
leaves                3177/65536      101664/2097152  ( 4.8%) 
leaffaces             8767/65536       17534/131072   (13.4%) 
leafbrushes           2375/65536        4750/131072   ( 3.6%) 
areas                    3/1024           24/8192     ( 0.3%) 
surfedges            52764/512000     211056/2048000  (10.3%) 
edges                28193/256000     112772/1024000  (11.0%) 
LDR worldlights        124/16384       10912/1441792  ( 0.8%) 
HDR worldlights          0/16384           0/1441792  ( 0.0%) 
leafwaterdata            0/32768           0/393216   ( 0.0%) 
waterstrips            618/131072       6180/1310720  ( 0.5%) 
waterverts               0/131072          0/1572864  ( 0.0%) 
waterindices          9750/131072      19500/262144   ( 7.4%) 
cubemapsamples           1/1024           16/16384    ( 0.1%) 
overlays                 0/1024            0/360448   ( 0.0%) 
LDR lightdata         [variable]     2333524/0        ( 0.0%) 
HDR lightdata         [variable]           0/0        ( 0.0%) 
visdata               [variable]        5279/16777216 ( 0.0%) 
entdata               [variable]       42603/393216   (10.8%) 
LDR ambient table     3177/65536       12708/262144   ( 4.8%) 
HDR ambient table     3177/65536       12708/262144   ( 4.8%) 
LDR leaf ambient      9177/65536      256956/1835008  (14.0%) 
HDR leaf ambient      3177/65536       88956/1835008  ( 4.8%) 
occluders                0/0               0/0        ( 0.0%) 
occluder polygons        0/0               0/0        ( 0.0%) 
occluder vert ind        0/0               0/0        ( 0.0%) 
detail props          [variable]           1/12       ( 8.3%) 
static props          [variable]           1/790      ( 0.1%) 
pakfile               [variable]      187073/0        ( 0.0%) 
physics               [variable]      415733/4194304  ( 9.9%) 
physics terrain       [variable]           2/1048576  ( 0.0%) 

Level flags = 1

Total triangle count: 19872
Writing e:\games\gamesinstall\steamlibrary\steamapps\common\nmrih\bin\dynenter\vmfoutput\the_library2.bsp
28 seconds elapsed



[Reading texlights from 'lights.rad']
[49 texlights parsed from 'lights.rad']

Loading e:\games\gamesinstall\steamlibrary\steamapps\common\nmrih\bin\dynenter\vmfoutput\the_library2.bsp
7286 faces
2 degenerate faces
1264208 square feet [182046032.00 square inches]
0 Displacements
0 Square Feet [0.00 Square Inches]
7284 patches before subdivision
59352 patches after subdivision
124 direct lights
0...1...2...3...4...5...6...7...8...9...100...1...2...3...4...5...6...7...8...9...10transfers 8262305, max 1772
transfer lists:  63.0 megs
0...1...2...3...4...5...6...7...8...9...10	Bounce #1 added RGB(9320, 10288, 10664)
0...1...2...3...4...5...6...7...8...9...10	Bounce #2 added RGB(1583, 1706, 1408)
0...1...2...3...4...5...6...7...8...9...10	Bounce #3 added RGB(311, 316, 222)
0...1...2...3...4...5...6...7...8...9...10	Bounce #4 added RGB(66, 62, 39)
0...1...2...3...4...5...6...7...8...9...10	Bounce #5 added RGB(14, 12, 7)
0...1...2...3...4...5...6...7...8...9...10	Bounce #6 added RGB(3, 3, 1)
0...1...2...3...4...5...6...7...8...9...10	Bounce #7 added RGB(1, 1, 0)
Build Patch/Sample Hash Table(s).....Done<0.0081 sec>
0...1...2...3...4...5...6...7...8...9...10FinalLightFace Done
0 of 0 (0% of) surface lights went in leaf ambient cubes.
0...1...2...3...4...5...6...7...8...9...10Writing leaf ambient...done
Computing static prop lighting : 00...1...2...3...4...5...6...7...8...9...10
Ready to Finish

Object names       Objects/Maxobjs  Memory / Maxmem  Fullness 
------------       ---------------  ---------------  -------- 
models                   3/4096          144/196608   ( 0.1%) 
brushes                937/32768       11244/393216   ( 2.9%) 
brushsides           12209/65536       97672/524288   (18.6%) 
planes               10762/65536      215240/1310720  (16.4%) 
vertexes             10137/65536      121644/786432   (15.5%) 
nodes                 3173/65536      101536/2097152  ( 4.8%) 
texinfos              1585/12288      114120/884736   (12.9%) 
texdata                 31/2048          992/65536    ( 1.5%) 
dispinfos                0/0               0/0        ( 0.0%) 
disp_verts               0/0               0/0        ( 0.0%) 
disp_tris                0/0               0/0        ( 0.0%) 
disp_lmsamples           0/0               0/0        ( 0.0%) 
faces                 7286/65536      408016/3670016  (11.1%) 
hdr faces             7286/65536      408016/3670016  (11.1%) 
origfaces             4386/65536      245616/3670016  ( 6.7%) 
leaves                3177/65536      101664/2097152  ( 4.8%) 
leaffaces             8767/65536       17534/131072   (13.4%) 
leafbrushes           2375/65536        4750/131072   ( 3.6%) 
areas                    3/1024           24/8192     ( 0.3%) 
surfedges            52764/512000     211056/2048000  (10.3%) 
edges                28193/256000     112772/1024000  (11.0%) 
LDR worldlights        124/16384       10912/1441792  ( 0.8%) 
HDR worldlights        124/16384       10912/1441792  ( 0.8%) 
leafwaterdata            0/32768           0/393216   ( 0.0%) 
waterstrips            618/131072       6180/1310720  ( 0.5%) 
waterverts               0/131072          0/1572864  ( 0.0%) 
waterindices          9750/131072      19500/262144   ( 7.4%) 
cubemapsamples           1/1024           16/16384    ( 0.1%) 
overlays                 0/1024            0/360448   ( 0.0%) 
LDR lightdata         [variable]     2333524/0        ( 0.0%) 
HDR lightdata         [variable]     2333524/0        ( 0.0%) 
visdata               [variable]        5279/16777216 ( 0.0%) 
entdata               [variable]       42603/393216   (10.8%) 
LDR ambient table     3177/65536       12708/262144   ( 4.8%) 
HDR ambient table     3177/65536       12708/262144   ( 4.8%) 
LDR leaf ambient      9177/65536      256956/1835008  (14.0%) 
HDR leaf ambient      9018/65536      252504/1835008  (13.8%) 
occluders                0/0               0/0        ( 0.0%) 
occluder polygons        0/0               0/0        ( 0.0%) 
occluder vert ind        0/0               0/0        ( 0.0%) 
detail props          [variable]           1/12       ( 8.3%) 
static props          [variable]           1/790      ( 0.1%) 
pakfile               [variable]      200061/0        ( 0.0%) 
physics               [variable]      415733/4194304  ( 9.9%) 
physics terrain       [variable]           2/1048576  ( 0.0%) 

Level flags = 3

Total triangle count: 19872
Writing e:\games\gamesinstall\steamlibrary\steamapps\common\nmrih\bin\dynenter\vmfoutput\the_library2.bsp
27 seconds elapsed



ConVarRef nmrih_ssao_blursharpness doesn't point to an existing ConVar
materialPath: E:\Games\GamesInstall\SteamLibrary\SteamApps\common\nmrih\nmrih\materials
Loading E:\Games\GamesInstall\SteamLibrary\SteamApps\common\nmrih\bin\DynEnter\vmfoutput\the_library2.vmf
Map revision 74
ConVarRef mat_reduceparticles doesn't point to an existing ConVar
Could not locate 'GameData' key in e:\games\gamesinstall\steamlibrary\steamapps\common\nmrih\nmrih\gameinfo.txt
fixing up env_cubemap materials on brush sides...
0...1...2...3...4...5...6...7...8...9...100...1...2...3...4...5...6...7...8...9...10Processing areas...done (0)
Building Faces...done (0)
Chop Details...done (0)
Find Visible Detail Sides...
Merged 160 detail faces...done (0)
Merging details...done (0)
FixTjuncs...
PruneNodes...
WriteBSP...
done (0)
writing E:\Games\GamesInstall\SteamLibrary\SteamApps\common\nmrih\bin\DynEnter\vmfoutput\the_library2.prt...Building visibility clusters...
done (0)
Finding displacement neighbors...
Finding lightmap sample positions...
Displacement Alpha : 0...1...2...3...4...5...6...7...8...9...10
Building Physics collision data...
done (0) (415733 bytes)
Placing detail props : 0...1...2...3...4...5...6...7...8...9...10
Compacting texture/material tables...
Reduced 1753 texinfos to 1585
Reduced 34 texdatas to 31 (979 bytes to 899)
Writing E:\Games\GamesInstall\SteamLibrary\SteamApps\common\nmrih\bin\DynEnter\vmfoutput\the_library2.bsp
Wrote ZIP buffer, estimated size 174891, actual size 174141
0 seconds elapsed



12 threads
reading e:\games\gamesinstall\steamlibrary\steamapps\common\nmrih\bin\dynenter\vmfoutput\the_library2.bsp
reading e:\games\gamesinstall\steamlibrary\steamapps\common\nmrih\bin\dynenter\vmfoutput\the_library2.prt
 130 portalclusters
 380 numportals
0...1...2...3...4...5...6...7...8...9...100...1...2...3...4...5...6...7...8...9...10Optimized: 18 visible clusters (0.00%)
Total clusters visible: 10892
Average clusters visible: 83
Building PAS...
Average clusters audible: 125
visdatasize:5279  compressed from 6240
writing e:\games\gamesinstall\steamlibrary\steamapps\common\nmrih\bin\dynenter\vmfoutput\the_library2.bsp
0 seconds elapsed



[Reading texlights from 'lights.rad']
[49 texlights parsed from 'lights.rad']

Loading e:\games\gamesinstall\steamlibrary\steamapps\common\nmrih\bin\dynenter\vmfoutput\the_library2.bsp
7286 faces
2 degenerate faces
1264208 square feet [182046032.00 square inches]
0 Displacements
0 Square Feet [0.00 Square Inches]
7284 patches before subdivision
59352 patches after subdivision
124 direct lights
0...1...2...3...4...5...6...7...8...9...100...1...2...3...4...5...6...7...8...9...10transfers 8262305, max 1772
transfer lists:  63.0 megs
0...1...2...3...4...5...6...7...8...9...10	Bounce #1 added RGB(11902, 11609, 11815)
0...1...2...3...4...5...6...7...8...9...10	Bounce #2 added RGB(2046, 1906, 1504)
0...1...2...3...4...5...6...7...8...9...10	Bounce #3 added RGB(403, 351, 232)
0...1...2...3...4...5...6...7...8...9...10	Bounce #4 added RGB(85, 69, 40)
0...1...2...3...4...5...6...7...8...9...10	Bounce #5 added RGB(18, 14, 7)
0...1...2...3...4...5...6...7...8...9...10	Bounce #6 added RGB(4, 3, 1)
0...1...2...3...4...5...6...7...8...9...10	Bounce #7 added RGB(1, 1, 0)
Build Patch/Sample Hash Table(s).....Done<0.0076 sec>
0...1...2...3...4...5...6...7...8...9...10FinalLightFace Done
0 of 0 (0% of) surface lights went in leaf ambient cubes.
0...1...2...3...4...5...6...7...8...9...10Writing leaf ambient...done
Computing static prop lighting : 00...1...2...3...4...5...6...7...8...9...10
Ready to Finish

Object names       Objects/Maxobjs  Memory / Maxmem  Fullness 
------------       ---------------  ---------------  -------- 
models                   3/4096          144/196608   ( 0.1%) 
brushes                937/32768       11244/393216   ( 2.9%) 
brushsides           12209/65536       97672/524288   (18.6%) 
planes               10762/65536      215240/1310720  (16.4%) 
vertexes             10137/65536      121644/786432   (15.5%) 
nodes                 3173/65536      101536/2097152  ( 4.8%) 
texinfos              1585/12288      114120/884736   (12.9%) 
texdata                 31/2048          992/65536    ( 1.5%) 
dispinfos                0/0               0/0        ( 0.0%) 
disp_verts               0/0               0/0        ( 0.0%) 
disp_tris                0/0               0/0        ( 0.0%) 
disp_lmsamples           0/0               0/0        ( 0.0%) 
faces                 7286/65536      408016/3670016  (11.1%) 
hdr faces                0/65536           0/3670016  ( 0.0%) 
origfaces             4386/65536      245616/3670016  ( 6.7%) 
leaves                3177/65536      101664/2097152  ( 4.8%) 
leaffaces             8767/65536       17534/131072   (13.4%) 
leafbrushes           2375/65536        4750/131072   ( 3.6%) 
areas                    3/1024           24/8192     ( 0.3%) 
surfedges            52764/512000     211056/2048000  (10.3%) 
edges                28193/256000     112772/1024000  (11.0%) 
LDR worldlights        124/16384       10912/1441792  ( 0.8%) 
HDR worldlights          0/16384           0/1441792  ( 0.0%) 
leafwaterdata            0/32768           0/393216   ( 0.0%) 
waterstrips            618/131072       6180/1310720  ( 0.5%) 
waterverts               0/131072          0/1572864  ( 0.0%) 
waterindices          9750/131072      19500/262144   ( 7.4%) 
cubemapsamples           1/1024           16/16384    ( 0.1%) 
overlays                 0/1024            0/360448   ( 0.0%) 
LDR lightdata         [variable]     2333524/0        ( 0.0%) 
HDR lightdata         [variable]           0/0        ( 0.0%) 
visdata               [variable]        5279/16777216 ( 0.0%) 
entdata               [variable]       42603/393216   (10.8%) 
LDR ambient table     3177/65536       12708/262144   ( 4.8%) 
HDR ambient table     3177/65536       12708/262144   ( 4.8%) 
LDR leaf ambient      9177/65536      256956/1835008  (14.0%) 
HDR leaf ambient      3177/65536       88956/1835008  ( 4.8%) 
occluders                0/0               0/0        ( 0.0%) 
occluder polygons        0/0               0/0        ( 0.0%) 
occluder vert ind        0/0               0/0        ( 0.0%) 
detail props          [variable]           1/12       ( 8.3%) 
static props          [variable]           1/790      ( 0.1%) 
pakfile               [variable]      187073/0        ( 0.0%) 
physics               [variable]      415733/4194304  ( 9.9%) 
physics terrain       [variable]           2/1048576  ( 0.0%) 

Level flags = 1

Total triangle count: 19872
Writing e:\games\gamesinstall\steamlibrary\steamapps\common\nmrih\bin\dynenter\vmfoutput\the_library2.bsp
28 seconds elapsed



[Reading texlights from 'lights.rad']
[49 texlights parsed from 'lights.rad']

Loading e:\games\gamesinstall\steamlibrary\steamapps\common\nmrih\bin\dynenter\vmfoutput\the_library2.bsp
7286 faces
2 degenerate faces
1264208 square feet [182046032.00 square inches]
0 Displacements
0 Square Feet [0.00 Square Inches]
7284 patches before subdivision
59352 patches after subdivision
124 direct lights
0...1...2...3...4...5...6...7...8...9...100...1...2...3...4...5...6...7...8...9...10transfers 8262305, max 1772
transfer lists:  63.0 megs
0...1...2...3...4...5...6...7...8...9...10	Bounce #1 added RGB(9320, 10288, 10664)
0...1...2...3...4...5...6...7...8...9...10	Bounce #2 added RGB(1583, 1706, 1408)
0...1...2...3...4...5...6...7...8...9...10	Bounce #3 added RGB(311, 316, 222)
0...1...2...3...4...5...6...7...8...9...10	Bounce #4 added RGB(66, 62, 39)
0...1...2...3...4...5...6...7...8...9...10	Bounce #5 added RGB(14, 12, 7)
0...1...2...3...4...5...6...7...8...9...10	Bounce #6 added RGB(3, 3, 1)
0...1...2...3...4...5...6...7...8...9...10	Bounce #7 added RGB(1, 1, 0)
Build Patch/Sample Hash Table(s).....Done<0.0082 sec>
0...1...2...3...4...5...6...7...8...9...10FinalLightFace Done
0 of 0 (0% of) surface lights went in leaf ambient cubes.
0...1...2...3...4...5...6...7...8...9...10Writing leaf ambient...done
Computing static prop lighting : 00...1...2...3...4...5...6...7...8...9...10
Ready to Finish

Object names       Objects/Maxobjs  Memory / Maxmem  Fullness 
------------       ---------------  ---------------  -------- 
models                   3/4096          144/196608   ( 0.1%) 
brushes                937/32768       11244/393216   ( 2.9%) 
brushsides           12209/65536       97672/524288   (18.6%) 
planes               10762/65536      215240/1310720  (16.4%) 
vertexes             10137/65536      121644/786432   (15.5%) 
nodes                 3173/65536      101536/2097152  ( 4.8%) 
texinfos              1585/12288      114120/884736   (12.9%) 
texdata                 31/2048          992/65536    ( 1.5%) 
dispinfos                0/0               0/0        ( 0.0%) 
disp_verts               0/0               0/0        ( 0.0%) 
disp_tris                0/0               0/0        ( 0.0%) 
disp_lmsamples           0/0               0/0        ( 0.0%) 
faces                 7286/65536      408016/3670016  (11.1%) 
hdr faces             7286/65536      408016/3670016  (11.1%) 
origfaces             4386/65536      245616/3670016  ( 6.7%) 
leaves                3177/65536      101664/2097152  ( 4.8%) 
leaffaces             8767/65536       17534/131072   (13.4%) 
leafbrushes           2375/65536        4750/131072   ( 3.6%) 
areas                    3/1024           24/8192     ( 0.3%) 
surfedges            52764/512000     211056/2048000  (10.3%) 
edges                28193/256000     112772/1024000  (11.0%) 
LDR worldlights        124/16384       10912/1441792  ( 0.8%) 
HDR worldlights        124/16384       10912/1441792  ( 0.8%) 
leafwaterdata            0/32768           0/393216   ( 0.0%) 
waterstrips            618/131072       6180/1310720  ( 0.5%) 
waterverts               0/131072          0/1572864  ( 0.0%) 
waterindices          9750/131072      19500/262144   ( 7.4%) 
cubemapsamples           1/1024           16/16384    ( 0.1%) 
overlays                 0/1024            0/360448   ( 0.0%) 
LDR lightdata         [variable]     2333524/0        ( 0.0%) 
HDR lightdata         [variable]     2333524/0        ( 0.0%) 
visdata               [variable]        5279/16777216 ( 0.0%) 
entdata               [variable]       42603/393216   (10.8%) 
LDR ambient table     3177/65536       12708/262144   ( 4.8%) 
HDR ambient table     3177/65536       12708/262144   ( 4.8%) 
LDR leaf ambient      9177/65536      256956/1835008  (14.0%) 
HDR leaf ambient      9018/65536      252504/1835008  (13.8%) 
occluders                0/0               0/0        ( 0.0%) 
occluder polygons        0/0               0/0        ( 0.0%) 
occluder vert ind        0/0               0/0        ( 0.0%) 
detail props          [variable]           1/12       ( 8.3%) 
static props          [variable]           1/790      ( 0.1%) 
pakfile               [variable]      200061/0        ( 0.0%) 
physics               [variable]      415733/4194304  ( 9.9%) 
physics terrain       [variable]           2/1048576  ( 0.0%) 

Level flags = 3

Total triangle count: 19872
Writing e:\games\gamesinstall\steamlibrary\steamapps\common\nmrih\bin\dynenter\vmfoutput\the_library2.bsp
28 seconds elapsed
